Information,9/12/2016 8:47:30 AM,Microsoft-Windows-Security-SPP,1003,None,"The Software Protection service has completed licensing status check.
Application Id=55c92734-d682-4d71-983e-d6ec3f16059f
Licensing Status=
1: 0567073a-7d74-403b-b2d5-6b35da372d8d, 1, 0 [(0 [0xC004F014, 0, 0], [(?)(?)(?)(?)(?)(?)(?)(?)])(1 )(2 )(3 )]
2: 0cdc4d08-6df6-4eb4-b5b4-a373c3e351e7, 1, 0 [(0 [0xC004F014, 0, 0], [(?)(?)(?)(?)(?)(?)(?)(?)])(1 )(2 )(3 )]
3: 1b750385-9fe2-49a8-ab55-149d0546395b, 1, 0 [(0 [0xC004F014, 0, 0], [(?)(?)(?)(?)(?)(?)(?)(?)])(1 )(2 )(3 )]
4: 1d873132-f09f-4eb2-bf5a-2e4fb48935e8, 1, 0 [(0 [0xC004F014, 0, 0], [(?)(?)(?)(?)(?)(?)(?)(?)])(1 )(2 )(3 )]
5: 2b1f36bb-c1cd-4306-bf5c-a0367c2d97d8, 1, 1 [(0 )(1 )(2 [0xC004E003, 0, 0], [( 1 0xC004F034)( 1 0xC004F034)(?)(?)(?)(?)(?)(?)])(3 [0x00000000, 0, 0], [( 6 0xC004F009 0 0)( 1 0x00000000)( 6 0xC004F009 0 0)(?)(?)(?)( 10 0x00000000 msft:rm/algorithm/flags/1.0)( 11 0x00000000 0xC004F034)])]
6: 30d469c6-a78f-4476-b5c8-af78d5b6a5fb, 1, 0 [(0 [0xC004F014, 0, 0], [(?)(?)(?)(?)(?)(?)(?)(?)])(1 )(2 )(3 )]
7: 411b3d4f-be6d-4a06-baaa-9cabfc256cae, 1, 0 [(0 [0xC004F014, 0, 0], [(?)(?)(?)(?)(?)(?)(?)(?)])(1 )(2 )(3 )]
8: 58e97c99-f377-4ef1-81d5-4ad5522b5fd8, 1, 0 [(0 [0xC004F014, 0, 0], [(?)(?)(?)(?)(?)(?)(?)(?)])(1 )(2 )(3 )]
9: 74436dbb-cc17-46de-867f-14906ba4a938, 1, 0 [(0 [0xC004F014, 0, 0], [(?)(?)(?)(?)(?)(?)(?)(?)])(1 )(2 )(3 )]
10: 8db63db6-4f8f-46d6-a448-66444faaaa72, 1, 0 [(0 [0xC004F014, 0, 0], [(?)(?)(?)(?)(?)(?)(?)(?)])(1 )(2 )(3 )]
11: 9e4b231b-3e45-41f4-967f-c914f178b6ac, 1, 0 [(0 [0xC004F014, 0, 0], [(?)(?)(?)(?)(?)(?)(?)(?)])(1 )(2 )(3 )]
12: bbc56067-37f8-49dd-87b2-a418a9ba130a, 1, 0 [(0 [0xC004F014, 0, 0], [(?)(?)(?)(?)(?)(?)(?)(?)])(1 )(2 )(3 )]
13: c082c31b-2c4f-4e07-94d7-9181fa802c4b, 1, 0 [(0 [0xC004F014, 0, 0], [(?)(?)(?)(?)(?)(?)(?)(?)])(1 )(2 )(3 )]
14: e371d89a-73e8-4b24-a7ff-23a3641dd18e, 1, 0 [(0 [0xC004F014, 0, 0], [(?)(?)(?)(?)(?)(?)(?)(?)])(1 )(2 )(3 )]

"
Information,9/12/2016 8:47:30 AM,Microsoft-Windows-Security-SPP,1003,None,"The Software Protection service has completed licensing status check.
Application Id=55c92734-d682-4d71-983e-d6ec3f16059f
Licensing Status=
1: 0567073a-7d74-403b-b2d5-6b35da372d8d, 1, 0 [(0 [0xC004F014, 0, 0], [(?)(?)(?)(?)(?)(?)(?)(?)])(1 )(2 )(3 )]
2: 0cdc4d08-6df6-4eb4-b5b4-a373c3e351e7, 1, 0 [(0 [0xC004F014, 0, 0], [(?)(?)(?)(?)(?)(?)(?)(?)])(1 )(2 )(3 )]
3: 1b750385-9fe2-49a8-ab55-149d0546395b, 1, 0 [(0 [0xC004F014, 0, 0], [(?)(?)(?)(?)(?)(?)(?)(?)])(1 )(2 )(3 )]
4: 1d873132-f09f-4eb2-bf5a-2e4fb48935e8, 1, 0 [(0 [0xC004F014, 0, 0], [(?)(?)(?)(?)(?)(?)(?)(?)])(1 )(2 )(3 )]
5: 2b1f36bb-c1cd-4306-bf5c-a0367c2d97d8, 1, 1 [(0 )(1 )(2 [0xC004E003, 0, 0], [( 1 0xC004F034)( 1 0xC004F034)(?)(?)(?)(?)(?)(?)])(3 [0x00000000, 0, 0], [( 6 0xC004F009 0 0)( 1 0x00000000)( 6 0xC004F009 0 0)(?)(?)(?)( 10 0x00000000 msft:rm/algorithm/flags/1.0)( 11 0x00000000 0xC004F034)])]
6: 30d469c6-a78f-4476-b5c8-af78d5b6a5fb, 1, 0 [(0 [0xC004F014, 0, 0], [(?)(?)(?)(?)(?)(?)(?)(?)])(1 )(2 )(3 )]
7: 411b3d4f-be6d-4a06-baaa-9cabfc256cae, 1, 0 [(0 [0xC004F014, 0, 0], [(?)(?)(?)(?)(?)(?)(?)(?)])(1 )(2 )(3 )]
8: 58e97c99-f377-4ef1-81d5-4ad5522b5fd8, 1, 0 [(0 [0xC004F014, 0, 0], [(?)(?)(?)(?)(?)(?)(?)(?)])(1 )(2 )(3 )]
9: 74436dbb-cc17-46de-867f-14906ba4a938, 1, 0 [(0 [0xC004F014, 0, 0], [(?)(?)(?)(?)(?)(?)(?)(?)])(1 )(2 )(3 )]
10: 8db63db6-4f8f-46d6-a448-66444faaaa72, 1, 0 [(0 [0xC004F014, 0, 0], [(?)(?)(?)(?)(?)(?)(?)(?)])(1 )(2 )(3 )]
11: 9e4b231b-3e45-41f4-967f-c914f178b6ac, 1, 0 [(0 [0xC004F014, 0, 0], [(?)(?)(?)(?)(?)(?)(?)(?)])(1 )(2 )(3 )]
12: bbc56067-37f8-49dd-87b2-a418a9ba130a, 1, 0 [(0 [0xC004F014, 0, 0], [(?)(?)(?)(?)(?)(?)(?)(?)])(1 )(2 )(3 )]
13: c082c31b-2c4f-4e07-94d7-9181fa802c4b, 1, 0 [(0 [0xC004F014, 0, 0], [(?)(?)(?)(?)(?)(?)(?)(?)])(1 )(2 )(3 )]
14: e371d89a-73e8-4b24-a7ff-23a3641dd18e, 1, 0 [(0 [0xC004F014, 0, 0], [(?)(?)(?)(?)(?)(?)(?)(?)])(1 )(2 )(3 )]

"
Information,9/12/2016 8:47:30 AM,Microsoft-Windows-Security-SPP,1003,None,"The Software Protection service has completed licensing status check.
Application Id=55c92734-d682-4d71-983e-d6ec3f16059f
Licensing Status=
1: 0567073a-7d74-403b-b2d5-6b35da372d8d, 1, 0 [(0 [0xC004F014, 0, 0], [(?)(?)(?)(?)(?)(?)(?)(?)])(1 )(2 )(3 )]
2: 0cdc4d08-6df6-4eb4-b5b4-a373c3e351e7, 1, 0 [(0 [0xC004F014, 0, 0], [(?)(?)(?)(?)(?)(?)(?)(?)])(1 )(2 )(3 )]
3: 1b750385-9fe2-49a8-ab55-149d0546395b, 1, 0 [(0 [0xC004F014, 0, 0], [(?)(?)(?)(?)(?)(?)(?)(?)])(1 )(2 )(3 )]
4: 1d873132-f09f-4eb2-bf5a-2e4fb48935e8, 1, 0 [(0 [0xC004F014, 0, 0], [(?)(?)(?)(?)(?)(?)(?)(?)])(1 )(2 )(3 )]
5: 2b1f36bb-c1cd-4306-bf5c-a0367c2d97d8, 1, 1 [(0 )(1 )(2 [0xC004E003, 0, 0], [( 1 0xC004F034)( 1 0xC004F034)(?)(?)(?)(?)(?)(?)])(3 [0x00000000, 0, 0], [( 6 0xC004F009 0 0)( 1 0x00000000)( 6 0xC004F009 0 0)(?)(?)(?)( 10 0x00000000 msft:rm/algorithm/flags/1.0)( 11 0x00000000 0xC004F034)])]
6: 30d469c6-a78f-4476-b5c8-af78d5b6a5fb, 1, 0 [(0 [0xC004F014, 0, 0], [(?)(?)(?)(?)(?)(?)(?)(?)])(1 )(2 )(3 )]
7: 411b3d4f-be6d-4a06-baaa-9cabfc256cae, 1, 0 [(0 [0xC004F014, 0, 0], [(?)(?)(?)(?)(?)(?)(?)(?)])(1 )(2 )(3 )]
8: 58e97c99-f377-4ef1-81d5-4ad5522b5fd8, 1, 0 [(0 [0xC004F014, 0, 0], [(?)(?)(?)(?)(?)(?)(?)(?)])(1 )(2 )(3 )]
9: 74436dbb-cc17-46de-867f-14906ba4a938, 1, 0 [(0 [0xC004F014, 0, 0], [(?)(?)(?)(?)(?)(?)(?)(?)])(1 )(2 )(3 )]
10: 8db63db6-4f8f-46d6-a448-66444faaaa72, 1, 0 [(0 [0xC004F014, 0, 0], [(?)(?)(?)(?)(?)(?)(?)(?)])(1 )(2 )(3 )]
11: 9e4b231b-3e45-41f4-967f-c914f178b6ac, 1, 0 [(0 [0xC004F014, 0, 0], [(?)(?)(?)(?)(?)(?)(?)(?)])(1 )(2 )(3 )]
12: bbc56067-37f8-49dd-87b2-a418a9ba130a, 1, 0 [(0 [0xC004F014, 0, 0], [(?)(?)(?)(?)(?)(?)(?)(?)])(1 )(2 )(3 )]
13: c082c31b-2c4f-4e07-94d7-9181fa802c4b, 1, 0 [(0 [0xC004F014, 0, 0], [(?)(?)(?)(?)(?)(?)(?)(?)])(1 )(2 )(3 )]
14: e371d89a-73e8-4b24-a7ff-23a3641dd18e, 1, 0 [(0 [0xC004F014, 0, 0], [(?)(?)(?)(?)(?)(?)(?)(?)])(1 )(2 )(3 )]

"
Information,9/12/2016 8:47:30 AM,Microsoft-Windows-Security-SPP,1003,None,"The Software Protection service has completed licensing status check.
Application Id=55c92734-d682-4d71-983e-d6ec3f16059f
Licensing Status=
1: 0567073a-7d74-403b-b2d5-6b35da372d8d, 1, 0 [(0 [0xC004F014, 0, 0], [(?)(?)(?)(?)(?)(?)(?)(?)])(1 )(2 )(3 )]
2: 0cdc4d08-6df6-4eb4-b5b4-a373c3e351e7, 1, 0 [(0 [0xC004F014, 0, 0], [(?)(?)(?)(?)(?)(?)(?)(?)])(1 )(2 )(3 )]
3: 1b750385-9fe2-49a8-ab55-149d0546395b, 1, 0 [(0 [0xC004F014, 0, 0], [(?)(?)(?)(?)(?)(?)(?)(?)])(1 )(2 )(3 )]
4: 1d873132-f09f-4eb2-bf5a-2e4fb48935e8, 1, 0 [(0 [0xC004F014, 0, 0], [(?)(?)(?)(?)(?)(?)(?)(?)])(1 )(2 )(3 )]
5: 2b1f36bb-c1cd-4306-bf5c-a0367c2d97d8, 1, 1 [(0 )(1 )(2 [0xC004E003, 0, 0], [( 1 0xC004F034)( 1 0xC004F034)(?)(?)(?)(?)(?)(?)])(3 [0x00000000, 0, 0], [( 6 0xC004F009 0 0)( 1 0x00000000)( 6 0xC004F009 0 0)(?)(?)(?)( 10 0x00000000 msft:rm/algorithm/flags/1.0)( 11 0x00000000 0xC004F034)])]
6: 30d469c6-a78f-4476-b5c8-af78d5b6a5fb, 1, 0 [(0 [0xC004F014, 0, 0], [(?)(?)(?)(?)(?)(?)(?)(?)])(1 )(2 )(3 )]
7: 411b3d4f-be6d-4a06-baaa-9cabfc256cae, 1, 0 [(0 [0xC004F014, 0, 0], [(?)(?)(?)(?)(?)(?)(?)(?)])(1 )(2 )(3 )]
8: 58e97c99-f377-4ef1-81d5-4ad5522b5fd8, 1, 0 [(0 [0xC004F014, 0, 0], [(?)(?)(?)(?)(?)(?)(?)(?)])(1 )(2 )(3 )]
9: 74436dbb-cc17-46de-867f-14906ba4a938, 1, 0 [(0 [0xC004F014, 0, 0], [(?)(?)(?)(?)(?)(?)(?)(?)])(1 )(2 )(3 )]
10: 8db63db6-4f8f-46d6-a448-66444faaaa72, 1, 0 [(0 [0xC004F014, 0, 0], [(?)(?)(?)(?)(?)(?)(?)(?)])(1 )(2 )(3 )]
11: 9e4b231b-3e45-41f4-967f-c914f178b6ac, 1, 0 [(0 [0xC004F014, 0, 0], [(?)(?)(?)(?)(?)(?)(?)(?)])(1 )(2 )(3 )]
12: bbc56067-37f8-49dd-87b2-a418a9ba130a, 1, 0 [(0 [0xC004F014, 0, 0], [(?)(?)(?)(?)(?)(?)(?)(?)])(1 )(2 )(3 )]
13: c082c31b-2c4f-4e07-94d7-9181fa802c4b, 1, 0 [(0 [0xC004F014, 0, 0], [(?)(?)(?)(?)(?)(?)(?)(?)])(1 )(2 )(3 )]
14: e371d89a-73e8-4b24-a7ff-23a3641dd18e, 1, 0 [(0 [0xC004F014, 0, 0], [(?)(?)(?)(?)(?)(?)(?)(?)])(1 )(2 )(3 )]

"
Information,9/12/2016 8:47:30 AM,Microsoft-Windows-Security-SPP,1003,None,"The Software Protection service has completed licensing status check.
Application Id=55c92734-d682-4d71-983e-d6ec3f16059f
Licensing Status=
1: 0567073a-7d74-403b-b2d5-6b35da372d8d, 1, 0 [(0 [0xC004F014, 0, 0], [(?)(?)(?)(?)(?)(?)(?)(?)])(1 )(2 )(3 )]
2: 0cdc4d08-6df6-4eb4-b5b4-a373c3e351e7, 1, 0 [(0 [0xC004F014, 0, 0], [(?)(?)(?)(?)(?)(?)(?)(?)])(1 )(2 )(3 )]
3: 1b750385-9fe2-49a8-ab55-149d0546395b, 1, 0 [(0 [0xC004F014, 0, 0], [(?)(?)(?)(?)(?)(?)(?)(?)])(1 )(2 )(3 )]
4: 1d873132-f09f-4eb2-bf5a-2e4fb48935e8, 1, 0 [(0 [0xC004F014, 0, 0], [(?)(?)(?)(?)(?)(?)(?)(?)])(1 )(2 )(3 )]
5: 2b1f36bb-c1cd-4306-bf5c-a0367c2d97d8, 1, 1 [(0 )(1 )(2 [0xC004E003, 0, 0], [( 1 0xC004F034)( 1 0xC004F034)(?)(?)(?)(?)(?)(?)])(3 [0x00000000, 0, 0], [( 6 0xC004F009 0 0)( 1 0x00000000)( 6 0xC004F009 0 0)(?)(?)(?)( 10 0x00000000 msft:rm/algorithm/flags/1.0)( 11 0x00000000 0xC004F034)])]
6: 30d469c6-a78f-4476-b5c8-af78d5b6a5fb, 1, 0 [(0 [0xC004F014, 0, 0], [(?)(?)(?)(?)(?)(?)(?)(?)])(1 )(2 )(3 )]
7: 411b3d4f-be6d-4a06-baaa-9cabfc256cae, 1, 0 [(0 [0xC004F014, 0, 0], [(?)(?)(?)(?)(?)(?)(?)(?)])(1 )(2 )(3 )]
8: 58e97c99-f377-4ef1-81d5-4ad5522b5fd8, 1, 0 [(0 [0xC004F014, 0, 0], [(?)(?)(?)(?)(?)(?)(?)(?)])(1 )(2 )(3 )]
9: 74436dbb-cc17-46de-867f-14906ba4a938, 1, 0 [(0 [0xC004F014, 0, 0], [(?)(?)(?)(?)(?)(?)(?)(?)])(1 )(2 )(3 )]
10: 8db63db6-4f8f-46d6-a448-66444faaaa72, 1, 0 [(0 [0xC004F014, 0, 0], [(?)(?)(?)(?)(?)(?)(?)(?)])(1 )(2 )(3 )]
11: 9e4b231b-3e45-41f4-967f-c914f178b6ac, 1, 0 [(0 [0xC004F014, 0, 0], [(?)(?)(?)(?)(?)(?)(?)(?)])(1 )(2 )(3 )]
12: bbc56067-37f8-49dd-87b2-a418a9ba130a, 1, 0 [(0 [0xC004F014, 0, 0], [(?)(?)(?)(?)(?)(?)(?)(?)])(1 )(2 )(3 )]
13: c082c31b-2c4f-4e07-94d7-9181fa802c4b, 1, 0 [(0 [0xC004F014, 0, 0], [(?)(?)(?)(?)(?)(?)(?)(?)])(1 )(2 )(3 )]
14: e371d89a-73e8-4b24-a7ff-23a3641dd18e, 1, 0 [(0 [0xC004F014, 0, 0], [(?)(?)(?)(?)(?)(?)(?)(?)])(1 )(2 )(3 )]

"
Information,9/12/2016 8:47:30 AM,Microsoft-Windows-Security-SPP,1003,None,"The Software Protection service has completed licensing status check.
Application Id=55c92734-d682-4d71-983e-d6ec3f16059f
Licensing Status=
1: 0567073a-7d74-403b-b2d5-6b35da372d8d, 1, 0 [(0 [0xC004F014, 0, 0], [(?)(?)(?)(?)(?)(?)(?)(?)])(1 )(2 )(3 )]
2: 0cdc4d08-6df6-4eb4-b5b4-a373c3e351e7, 1, 0 [(0 [0xC004F014, 0, 0], [(?)(?)(?)(?)(?)(?)(?)(?)])(1 )(2 )(3 )]
3: 1b750385-9fe2-49a8-ab55-149d0546395b, 1, 0 [(0 [0xC004F014, 0, 0], [(?)(?)(?)(?)(?)(?)(?)(?)])(1 )(2 )(3 )]
4: 1d873132-f09f-4eb2-bf5a-2e4fb48935e8, 1, 0 [(0 [0xC004F014, 0, 0], [(?)(?)(?)(?)(?)(?)(?)(?)])(1 )(2 )(3 )]
5: 2b1f36bb-c1cd-4306-bf5c-a0367c2d97d8, 1, 1 [(0 )(1 )(2 [0xC004E003, 0, 0], [( 1 0xC004F034)( 1 0xC004F034)(?)(?)(?)(?)(?)(?)])(3 [0x00000000, 0, 0], [( 6 0xC004F009 0 0)( 1 0x00000000)( 6 0xC004F009 0 0)(?)(?)(?)( 10 0x00000000 msft:rm/algorithm/flags/1.0)( 11 0x00000000 0xC004F034)])]
6: 30d469c6-a78f-4476-b5c8-af78d5b6a5fb, 1, 0 [(0 [0xC004F014, 0, 0], [(?)(?)(?)(?)(?)(?)(?)(?)])(1 )(2 )(3 )]
7: 411b3d4f-be6d-4a06-baaa-9cabfc256cae, 1, 0 [(0 [0xC004F014, 0, 0], [(?)(?)(?)(?)(?)(?)(?)(?)])(1 )(2 )(3 )]
8: 58e97c99-f377-4ef1-81d5-4ad5522b5fd8, 1, 0 [(0 [0xC004F014, 0, 0], [(?)(?)(?)(?)(?)(?)(?)(?)])(1 )(2 )(3 )]
9: 74436dbb-cc17-46de-867f-14906ba4a938, 1, 0 [(0 [0xC004F014, 0, 0], [(?)(?)(?)(?)(?)(?)(?)(?)])(1 )(2 )(3 )]
10: 8db63db6-4f8f-46d6-a448-66444faaaa72, 1, 0 [(0 [0xC004F014, 0, 0], [(?)(?)(?)(?)(?)(?)(?)(?)])(1 )(2 )(3 )]
11: 9e4b231b-3e45-41f4-967f-c914f178b6ac, 1, 0 [(0 [0xC004F014, 0, 0], [(?)(?)(?)(?)(?)(?)(?)(?)])(1 )(2 )(3 )]
12: bbc56067-37f8-49dd-87b2-a418a9ba130a, 1, 0 [(0 [0xC004F014, 0, 0], [(?)(?)(?)(?)(?)(?)(?)(?)])(1 )(2 )(3 )]
13: c082c31b-2c4f-4e07-94d7-9181fa802c4b, 1, 0 [(0 [0xC004F014, 0, 0], [(?)(?)(?)(?)(?)(?)(?)(?)])(1 )(2 )(3 )]
14: e371d89a-73e8-4b24-a7ff-23a3641dd18e, 1, 0 [(0 [0xC004F014, 0, 0], [(?)(?)(?)(?)(?)(?)(?)(?)])(1 )(2 )(3 )]

"
Information,9/12/2016 8:47:30 AM,Microsoft-Windows-Security-SPP,1003,None,"The Software Protection service has completed licensing status check.
Application Id=55c92734-d682-4d71-983e-d6ec3f16059f
Licensing Status=
1: 0567073a-7d74-403b-b2d5-6b35da372d8d, 1, 0 [(0 [0xC004F014, 0, 0], [(?)(?)(?)(?)(?)(?)(?)(?)])(1 )(2 )(3 )]
2: 0cdc4d08-6df6-4eb4-b5b4-a373c3e351e7, 1, 0 [(0 [0xC004F014, 0, 0], [(?)(?)(?)(?)(?)(?)(?)(?)])(1 )(2 )(3 )]
3: 1b750385-9fe2-49a8-ab55-149d0546395b, 1, 0 [(0 [0xC004F014, 0, 0], [(?)(?)(?)(?)(?)(?)(?)(?)])(1 )(2 )(3 )]
4: 1d873132-f09f-4eb2-bf5a-2e4fb48935e8, 1, 0 [(0 [0xC004F014, 0, 0], [(?)(?)(?)(?)(?)(?)(?)(?)])(1 )(2 )(3 )]
5: 2b1f36bb-c1cd-4306-bf5c-a0367c2d97d8, 1, 1 [(0 )(1 )(2 [0xC004E003, 0, 0], [( 1 0xC004F034)( 1 0xC004F034)(?)(?)(?)(?)(?)(?)])(3 [0x00000000, 0, 0], [( 6 0xC004F009 0 0)( 1 0x00000000)( 6 0xC004F009 0 0)(?)(?)(?)( 10 0x00000000 msft:rm/algorithm/flags/1.0)( 11 0x00000000 0xC004F034)])]
6: 30d469c6-a78f-4476-b5c8-af78d5b6a5fb, 1, 0 [(0 [0xC004F014, 0, 0], [(?)(?)(?)(?)(?)(?)(?)(?)])(1 )(2 )(3 )]
7: 411b3d4f-be6d-4a06-baaa-9cabfc256cae, 1, 0 [(0 [0xC004F014, 0, 0], [(?)(?)(?)(?)(?)(?)(?)(?)])(1 )(2 )(3 )]
8: 58e97c99-f377-4ef1-81d5-4ad5522b5fd8, 1, 0 [(0 [0xC004F014, 0, 0], [(?)(?)(?)(?)(?)(?)(?)(?)])(1 )(2 )(3 )]
9: 74436dbb-cc17-46de-867f-14906ba4a938, 1, 0 [(0 [0xC004F014, 0, 0], [(?)(?)(?)(?)(?)(?)(?)(?)])(1 )(2 )(3 )]
10: 8db63db6-4f8f-46d6-a448-66444faaaa72, 1, 0 [(0 [0xC004F014, 0, 0], [(?)(?)(?)(?)(?)(?)(?)(?)])(1 )(2 )(3 )]
11: 9e4b231b-3e45-41f4-967f-c914f178b6ac, 1, 0 [(0 [0xC004F014, 0, 0], [(?)(?)(?)(?)(?)(?)(?)(?)])(1 )(2 )(3 )]
12: bbc56067-37f8-49dd-87b2-a418a9ba130a, 1, 0 [(0 [0xC004F014, 0, 0], [(?)(?)(?)(?)(?)(?)(?)(?)])(1 )(2 )(3 )]
13: c082c31b-2c4f-4e07-94d7-9181fa802c4b, 1, 0 [(0 [0xC004F014, 0, 0], [(?)(?)(?)(?)(?)(?)(?)(?)])(1 )(2 )(3 )]
14: e371d89a-73e8-4b24-a7ff-23a3641dd18e, 1, 0 [(0 [0xC004F014, 0, 0], [(?)(?)(?)(?)(?)(?)(?)(?)])(1 )(2 )(3 )]

"
Information,9/12/2016 8:47:30 AM,Microsoft-Windows-Security-SPP,1003,None,"The Software Protection service has completed licensing status check.
Application Id=55c92734-d682-4d71-983e-d6ec3f16059f
Licensing Status=
1: 0567073a-7d74-403b-b2d5-6b35da372d8d, 1, 0 [(0 [0xC004F014, 0, 0], [(?)(?)(?)(?)(?)(?)(?)(?)])(1 )(2 )(3 )]
2: 0cdc4d08-6df6-4eb4-b5b4-a373c3e351e7, 1, 0 [(0 [0xC004F014, 0, 0], [(?)(?)(?)(?)(?)(?)(?)(?)])(1 )(2 )(3 )]
3: 1b750385-9fe2-49a8-ab55-149d0546395b, 1, 0 [(0 [0xC004F014, 0, 0], [(?)(?)(?)(?)(?)(?)(?)(?)])(1 )(2 )(3 )]
4: 1d873132-f09f-4eb2-bf5a-2e4fb48935e8, 1, 0 [(0 [0xC004F014, 0, 0], [(?)(?)(?)(?)(?)(?)(?)(?)])(1 )(2 )(3 )]
5: 2b1f36bb-c1cd-4306-bf5c-a0367c2d97d8, 1, 1 [(0 )(1 )(2 [0xC004E003, 0, 0], [( 1 0xC004F034)( 1 0xC004F034)(?)(?)(?)(?)(?)(?)])(3 [0x00000000, 0, 0], [( 6 0xC004F009 0 0)( 1 0x00000000)( 6 0xC004F009 0 0)(?)(?)(?)( 10 0x00000000 msft:rm/algorithm/flags/1.0)( 11 0x00000000 0xC004F034)])]
6: 30d469c6-a78f-4476-b5c8-af78d5b6a5fb, 1, 0 [(0 [0xC004F014, 0, 0], [(?)(?)(?)(?)(?)(?)(?)(?)])(1 )(2 )(3 )]
7: 411b3d4f-be6d-4a06-baaa-9cabfc256cae, 1, 0 [(0 [0xC004F014, 0, 0], [(?)(?)(?)(?)(?)(?)(?)(?)])(1 )(2 )(3 )]
8: 58e97c99-f377-4ef1-81d5-4ad5522b5fd8, 1, 0 [(0 [0xC004F014, 0, 0], [(?)(?)(?)(?)(?)(?)(?)(?)])(1 )(2 )(3 )]
9: 74436dbb-cc17-46de-867f-14906ba4a938, 1, 0 [(0 [0xC004F014, 0, 0], [(?)(?)(?)(?)(?)(?)(?)(?)])(1 )(2 )(3 )]
10: 8db63db6-4f8f-46d6-a448-66444faaaa72, 1, 0 [(0 [0xC004F014, 0, 0], [(?)(?)(?)(?)(?)(?)(?)(?)])(1 )(2 )(3 )]
11: 9e4b231b-3e45-41f4-967f-c914f178b6ac, 1, 0 [(0 [0xC004F014, 0, 0], [(?)(?)(?)(?)(?)(?)(?)(?)])(1 )(2 )(3 )]
12: bbc56067-37f8-49dd-87b2-a418a9ba130a, 1, 0 [(0 [0xC004F014, 0, 0], [(?)(?)(?)(?)(?)(?)(?)(?)])(1 )(2 )(3 )]
13: c082c31b-2c4f-4e07-94d7-9181fa802c4b, 1, 0 [(0 [0xC004F014, 0, 0], [(?)(?)(?)(?)(?)(?)(?)(?)])(1 )(2 )(3 )]
14: e371d89a-73e8-4b24-a7ff-23a3641dd18e, 1, 0 [(0 [0xC004F014, 0, 0], [(?)(?)(?)(?)(?)(?)(?)(?)])(1 )(2 )(3 )]

"
Information,9/12/2016 8:47:30 AM,Microsoft-Windows-Security-SPP,1003,None,"The Software Protection service has completed licensing status check.
Application Id=55c92734-d682-4d71-983e-d6ec3f16059f
Licensing Status=
1: 0567073a-7d74-403b-b2d5-6b35da372d8d, 1, 0 [(0 [0xC004F014, 0, 0], [(?)(?)(?)(?)(?)(?)(?)(?)])(1 )(2 )(3 )]
2: 0cdc4d08-6df6-4eb4-b5b4-a373c3e351e7, 1, 0 [(0 [0xC004F014, 0, 0], [(?)(?)(?)(?)(?)(?)(?)(?)])(1 )(2 )(3 )]
3: 1b750385-9fe2-49a8-ab55-149d0546395b, 1, 0 [(0 [0xC004F014, 0, 0], [(?)(?)(?)(?)(?)(?)(?)(?)])(1 )(2 )(3 )]
4: 1d873132-f09f-4eb2-bf5a-2e4fb48935e8, 1, 0 [(0 [0xC004F014, 0, 0], [(?)(?)(?)(?)(?)(?)(?)(?)])(1 )(2 )(3 )]
5: 2b1f36bb-c1cd-4306-bf5c-a0367c2d97d8, 1, 1 [(0 )(1 )(2 [0xC004E003, 0, 0], [( 1 0xC004F034)( 1 0xC004F034)(?)(?)(?)(?)(?)(?)])(3 [0x00000000, 0, 0], [( 6 0xC004F009 0 0)( 1 0x00000000)( 6 0xC004F009 0 0)(?)(?)(?)( 10 0x00000000 msft:rm/algorithm/flags/1.0)( 11 0x00000000 0xC004F034)])]
6: 30d469c6-a78f-4476-b5c8-af78d5b6a5fb, 1, 0 [(0 [0xC004F014, 0, 0], [(?)(?)(?)(?)(?)(?)(?)(?)])(1 )(2 )(3 )]
7: 411b3d4f-be6d-4a06-baaa-9cabfc256cae, 1, 0 [(0 [0xC004F014, 0, 0], [(?)(?)(?)(?)(?)(?)(?)(?)])(1 )(2 )(3 )]
8: 58e97c99-f377-4ef1-81d5-4ad5522b5fd8, 1, 0 [(0 [0xC004F014, 0, 0], [(?)(?)(?)(?)(?)(?)(?)(?)])(1 )(2 )(3 )]
9: 74436dbb-cc17-46de-867f-14906ba4a938, 1, 0 [(0 [0xC004F014, 0, 0], [(?)(?)(?)(?)(?)(?)(?)(?)])(1 )(2 )(3 )]
10: 8db63db6-4f8f-46d6-a448-66444faaaa72, 1, 0 [(0 [0xC004F014, 0, 0], [(?)(?)(?)(?)(?)(?)(?)(?)])(1 )(2 )(3 )]
11: 9e4b231b-3e45-41f4-967f-c914f178b6ac, 1, 0 [(0 [0xC004F014, 0, 0], [(?)(?)(?)(?)(?)(?)(?)(?)])(1 )(2 )(3 )]
12: bbc56067-37f8-49dd-87b2-a418a9ba130a, 1, 0 [(0 [0xC004F014, 0, 0], [(?)(?)(?)(?)(?)(?)(?)(?)])(1 )(2 )(3 )]
13: c082c31b-2c4f-4e07-94d7-9181fa802c4b, 1, 0 [(0 [0xC004F014, 0, 0], [(?)(?)(?)(?)(?)(?)(?)(?)])(1 )(2 )(3 )]
14: e371d89a-73e8-4b24-a7ff-23a3641dd18e, 1, 0 [(0 [0xC004F014, 0, 0], [(?)(?)(?)(?)(?)(?)(?)(?)])(1 )(2 )(3 )]

"
Information,9/12/2016 8:47:26 AM,Microsoft-Windows-Winlogon,6003,None,The winlogon notification subscriber <TrustedInstaller> was unavailable to handle a critical notification event.
Information,9/12/2016 8:47:21 AM,Windows Error Reporting,1001,None,"Fault bucket 126740156893, type 5
Event Name: WinSetupDiag02
Response: Not available
Cab Id: 0

Problem signature:
P1: 1
P2: 4
P3: 9
P4: 0
P5: 0x0
P6: 0x0
P7: 14393
P8: rs1_release
P9: 14393
P10: rs1_release

Attached files:
\\?\C:\Windows\Panther\SetupAct.log
\\?\C:\Windows\Panther\diagerr.xml
\\?\C:\Windows\inf\setupapi.setup.log
\\?\C:\Windows\inf\setupapi.dev.log
\\?\C:\Windows\inf\setupapi.offline.log
WPR_initiated_DiagTrackMiniLogger_WPR System Collector_inject.etl
\\?\C:\Windows\Temp\WER78D0.tmp.etl
\\?\C:\ProgramData\Microsoft\Windows\WER\Temp\WER78D1.tmp.WERInternalMetadata.xml

These files may be available here:
C:\ProgramData\Microsoft\Windows\WER\ReportArchive\NonCritical_1_987b69bcbbe4a62edb88bf51b3a665395f7f3a1e_00000000_0caa7d92

Analysis symbol: 
Rechecking for solution: 0
Report Id: cdfa1f89-78f7-11e6-bef8-a0999b163752
Report Status: 0
Hashed bucket: 94d069c6466fe5facc8e9221bfd0d096"
Information,9/12/2016 8:47:20 AM,Windows Error Reporting,1001,None,"Fault bucket , type 0
Event Name: WinSetupDiag02
Response: Not available
Cab Id: 0

Problem signature:
P1: 1
P2: 4
P3: 9
P4: 0
P5: 0x0
P6: 0x0
P7: 14393
P8: rs1_release
P9: 14393
P10: rs1_release

Attached files:
\\?\C:\Windows\Panther\SetupAct.log
\\?\C:\Windows\Panther\diagerr.xml
\\?\C:\Windows\inf\setupapi.setup.log
\\?\C:\Windows\inf\setupapi.dev.log
\\?\C:\Windows\inf\setupapi.offline.log

These files may be available here:


Analysis symbol: 
Rechecking for solution: 0
Report Id: cdfa1f89-78f7-11e6-bef8-a0999b163752
Report Status: 262144
Hashed bucket: "
Information,9/12/2016 8:47:16 AM,Microsoft-Windows-Security-SPP,1003,None,"The Software Protection service has completed licensing status check.
Application Id=55c92734-d682-4d71-983e-d6ec3f16059f
Licensing Status=
1: 0567073a-7d74-403b-b2d5-6b35da372d8d, 1, 0 [(0 [0xC004F014, 0, 0], [(?)(?)(?)(?)(?)(?)(?)(?)])(1 )(2 )(3 )]
2: 0cdc4d08-6df6-4eb4-b5b4-a373c3e351e7, 1, 0 [(0 [0xC004F014, 0, 0], [(?)(?)(?)(?)(?)(?)(?)(?)])(1 )(2 )(3 )]
3: 1b750385-9fe2-49a8-ab55-149d0546395b, 1, 0 [(0 [0xC004F014, 0, 0], [(?)(?)(?)(?)(?)(?)(?)(?)])(1 )(2 )(3 )]
4: 1d873132-f09f-4eb2-bf5a-2e4fb48935e8, 1, 0 [(0 [0xC004F014, 0, 0], [(?)(?)(?)(?)(?)(?)(?)(?)])(1 )(2 )(3 )]
5: 2b1f36bb-c1cd-4306-bf5c-a0367c2d97d8, 1, 0 [(0 )(1 )(2 [0xC004E003, 0, 0], [( 1 0xC004F034)( 1 0xC004F034)(?)(?)(?)(?)(?)(?)])(3 [0x00000000, 0, 0], [( 6 0xC004F009 0 0)( 1 0x00000000)( 6 0xC004F009 0 0)(?)(?)(?)( 10 0x00000000 msft:rm/algorithm/flags/1.0)( 11 0x00000000 0xC004F034)])]
6: 30d469c6-a78f-4476-b5c8-af78d5b6a5fb, 1, 0 [(0 [0xC004F014, 0, 0], [(?)(?)(?)(?)(?)(?)(?)(?)])(1 )(2 )(3 )]
7: 411b3d4f-be6d-4a06-baaa-9cabfc256cae, 1, 0 [(0 [0xC004F014, 0, 0], [(?)(?)(?)(?)(?)(?)(?)(?)])(1 )(2 )(3 )]
8: 58e97c99-f377-4ef1-81d5-4ad5522b5fd8, 1, 0 [(0 [0xC004F014, 0, 0], [(?)(?)(?)(?)(?)(?)(?)(?)])(1 )(2 )(3 )]
9: 74436dbb-cc17-46de-867f-14906ba4a938, 1, 0 [(0 [0xC004F014, 0, 0], [(?)(?)(?)(?)(?)(?)(?)(?)])(1 )(2 )(3 )]
10: 8db63db6-4f8f-46d6-a448-66444faaaa72, 1, 0 [(0 [0xC004F014, 0, 0], [(?)(?)(?)(?)(?)(?)(?)(?)])(1 )(2 )(3 )]
11: 9e4b231b-3e45-41f4-967f-c914f178b6ac, 1, 0 [(0 [0xC004F014, 0, 0], [(?)(?)(?)(?)(?)(?)(?)(?)])(1 )(2 )(3 )]
12: bbc56067-37f8-49dd-87b2-a418a9ba130a, 1, 0 [(0 [0xC004F014, 0, 0], [(?)(?)(?)(?)(?)(?)(?)(?)])(1 )(2 )(3 )]
13: c082c31b-2c4f-4e07-94d7-9181fa802c4b, 1, 0 [(0 [0xC004F014, 0, 0], [(?)(?)(?)(?)(?)(?)(?)(?)])(1 )(2 )(3 )]
14: e371d89a-73e8-4b24-a7ff-23a3641dd18e, 1, 0 [(0 [0xC004F014, 0, 0], [(?)(?)(?)(?)(?)(?)(?)(?)])(1 )(2 )(3 )]

"
Information,9/12/2016 8:47:16 AM,Microsoft-Windows-Security-SPP,1034,None,Duplicate definition of policy found. Policy name=Security-SPP-WriteWauMarker  Priority=500
Information,9/12/2016 8:47:16 AM,Microsoft-Windows-Security-SPP,1016,None,"Proof of Purchase installed successfully. 
ACID=2b1f36bb-c1cd-4306-bf5c-a0367c2d97d8
PKeyId=aae1191f-7f47-05b8-8319-664b3ee8c42e"
Information,9/12/2016 8:47:01 AM,SecurityCenter,15,None,Updated Windows Defender status successfully to SECURITY_PRODUCT_STATE_SNOOZED.
Information,9/12/2016 8:47:01 AM,SecurityCenter,15,None,Updated Windows Defender status successfully to SECURITY_PRODUCT_STATE_SNOOZED.
Information,9/12/2016 8:46:59 AM,SecurityCenter,1,None,The Windows Security Center Service has started.
Warning,9/12/2016 8:46:59 AM,LMS,2001,LMS,LMS cannot connect to Intel(R) MEI driver

Information,9/12/2016 8:46:58 AM,LMS,2000,LMS,Local Management Service started.

Information,9/12/2016 8:46:57 AM,IntelDalJhi,0,None,Intel(R) Dynamic Application Loader Host Interface Service started.
Information,9/12/2016 8:46:53 AM,Microsoft-Windows-Search,1003,Search service,The Windows Search Service started.

Warning,9/12/2016 8:45:47 AM,Microsoft-Windows-WMI,63,None,"A provider, DSCCoreProviders, has been registered in the Windows Management Instrumentation namespace ROOT\Microsoft\Windows\DesiredStateConfiguration to use the LocalSystem account. This account is privileged and the provider may cause a security violation if it does not correctly impersonate user requests."
Warning,9/12/2016 8:45:47 AM,Microsoft-Windows-WMI,63,None,"A provider, EventTracingManagement, has been registered in the Windows Management Instrumentation namespace ROOT\Microsoft\Windows\EventTracingManagement to use the LocalSystem account. This account is privileged and the provider may cause a security violation if it does not correctly impersonate user requests."
Warning,9/12/2016 8:45:47 AM,Microsoft-Windows-WMI,63,None,"A provider, EventTracingManagement, has been registered in the Windows Management Instrumentation namespace ROOT\Microsoft\Windows\EventTracingManagement to use the LocalSystem account. This account is privileged and the provider may cause a security violation if it does not correctly impersonate user requests."
Warning,9/12/2016 8:45:47 AM,Microsoft-Windows-WMI,63,None,"A provider, EventTracingManagement, has been registered in the Windows Management Instrumentation namespace ROOT\Microsoft\Windows\EventTracingManagement to use the LocalSystem account. This account is privileged and the provider may cause a security violation if it does not correctly impersonate user requests."
Error,9/12/2016 8:45:47 AM,Microsoft-Windows-WMI,24,None,"Event provider wsp_sr attempted to register query ""select * from WSP_ReplicationGroupModificationEvent"" whose target class ""WSP_ReplicationGroupModificationEvent"" in //./root/Microsoft/Windows/Storage/Providers_v2 namespace does not exist. The query will be ignored."
Error,9/12/2016 8:45:47 AM,Microsoft-Windows-WMI,24,None,"Event provider wsp_sr attempted to register query ""select * from WSP_ReplicationGroupDepartureEvent"" whose target class ""WSP_ReplicationGroupDepartureEvent"" in //./root/Microsoft/Windows/Storage/Providers_v2 namespace does not exist. The query will be ignored."
Error,9/12/2016 8:45:47 AM,Microsoft-Windows-WMI,24,None,"Event provider wsp_sr attempted to register query ""select * from WSP_ReplicationGroupArrivalEvent"" whose target class ""WSP_ReplicationGroupArrivalEvent"" in //./root/Microsoft/Windows/Storage/Providers_v2 namespace does not exist. The query will be ignored."
Error,9/12/2016 8:45:47 AM,Microsoft-Windows-WMI,24,None,"Event provider  attempted to register query ""select * from WSP_ReplicationGroupModificationEvent"" whose target class ""WSP_ReplicationGroupModificationEvent"" in //./root/Microsoft/Windows/Storage/Providers_v2 namespace does not exist. The query will be ignored."
Error,9/12/2016 8:45:47 AM,Microsoft-Windows-WMI,24,None,"Event provider  attempted to register query ""select * from WSP_ReplicationGroupDepartureEvent"" whose target class ""WSP_ReplicationGroupDepartureEvent"" in //./root/Microsoft/Windows/Storage/Providers_v2 namespace does not exist. The query will be ignored."
Error,9/12/2016 8:45:47 AM,Microsoft-Windows-WMI,24,None,"Event provider  attempted to register query ""select * from WSP_ReplicationGroupArrivalEvent"" whose target class ""WSP_ReplicationGroupArrivalEvent"" in //./root/Microsoft/Windows/Storage/Providers_v2 namespace does not exist. The query will be ignored."
Warning,9/12/2016 8:45:47 AM,Microsoft-Windows-WMI,63,None,"A provider, WsmAgent, has been registered in the Windows Management Instrumentation namespace ROOT\Microsoft\Windows\winrm to use the LocalSystem account. This account is privileged and the provider may cause a security violation if it does not correctly impersonate user requests."
Warning,9/12/2016 8:45:47 AM,Microsoft-Windows-WMI,63,None,"A provider, WsmAgent, has been registered in the Windows Management Instrumentation namespace ROOT\Microsoft\Windows\winrm to use the LocalSystem account. This account is privileged and the provider may cause a security violation if it does not correctly impersonate user requests."
Warning,9/12/2016 8:45:46 AM,Microsoft-Windows-WMI,63,None,"A provider, ProfileAssociationProviderInterop, has been registered in the Windows Management Instrumentation namespace ROOT\Interop to use the LocalSystem account. This account is privileged and the provider may cause a security violation if it does not correctly impersonate user requests."
Warning,9/12/2016 8:45:46 AM,Microsoft-Windows-WMI,63,None,"A provider, ProfileAssociationProviderInterop, has been registered in the Windows Management Instrumentation namespace ROOT\Interop to use the LocalSystem account. This account is privileged and the provider may cause a security violation if it does not correctly impersonate user requests."
Warning,9/12/2016 8:45:46 AM,Microsoft-Windows-WMI,63,None,"A provider, NetEventPacketCapture, has been registered in the Windows Management Instrumentation namespace ROOT\StandardCimv2 to use the LocalSystem account. This account is privileged and the provider may cause a security violation if it does not correctly impersonate user requests."
Warning,9/12/2016 8:45:46 AM,Microsoft-Windows-WMI,63,None,"A provider, NetEventPacketCapture, has been registered in the Windows Management Instrumentation namespace ROOT\StandardCimv2 to use the LocalSystem account. This account is privileged and the provider may cause a security violation if it does not correctly impersonate user requests."
Warning,9/12/2016 8:45:46 AM,Microsoft-Windows-WMI,63,None,"A provider, NetEventPacketCapture, has been registered in the Windows Management Instrumentation namespace ROOT\StandardCimv2 to use the LocalSystem account. This account is privileged and the provider may cause a security violation if it does not correctly impersonate user requests."
Warning,9/12/2016 8:45:46 AM,Microsoft-Windows-WMI,63,None,"A provider, MINT, has been registered in the Windows Management Instrumentation namespace ROOT\PEH to use the LocalSystem account. This account is privileged and the provider may cause a security violation if it does not correctly impersonate user requests."
Warning,9/12/2016 8:45:46 AM,Microsoft-Windows-WMI,63,None,"A provider, MINT, has been registered in the Windows Management Instrumentation namespace ROOT\PEH to use the LocalSystem account. This account is privileged and the provider may cause a security violation if it does not correctly impersonate user requests."
Warning,9/12/2016 8:45:46 AM,Microsoft-Windows-WMI,63,None,"A provider, MINT, has been registered in the Windows Management Instrumentation namespace ROOT\PEH to use the LocalSystem account. This account is privileged and the provider may cause a security violation if it does not correctly impersonate user requests."
Warning,9/12/2016 8:45:46 AM,Microsoft-Windows-WMI,63,None,"A provider, ProfileAssociationProviderCimV2, has been registered in the Windows Management Instrumentation namespace ROOT\CIMV2\power to use the LocalSystem account. This account is privileged and the provider may cause a security violation if it does not correctly impersonate user requests."
Warning,9/12/2016 8:45:46 AM,Microsoft-Windows-WMI,63,None,"A provider, PowerMeterProvider, has been registered in the Windows Management Instrumentation namespace ROOT\CIMV2\power to use the LocalSystem account. This account is privileged and the provider may cause a security violation if it does not correctly impersonate user requests."
Warning,9/12/2016 8:45:45 AM,Microsoft-Windows-WMI,63,None,"A provider, ProfileAssociationProviderCimV2, has been registered in the Windows Management Instrumentation namespace ROOT\CIMV2\power to use the LocalSystem account. This account is privileged and the provider may cause a security violation if it does not correctly impersonate user requests."
Warning,9/12/2016 8:45:45 AM,Microsoft-Windows-WMI,63,None,"A provider, PowerMeterProvider, has been registered in the Windows Management Instrumentation namespace ROOT\CIMV2\power to use the LocalSystem account. This account is privileged and the provider may cause a security violation if it does not correctly impersonate user requests."
Warning,9/12/2016 8:45:45 AM,Microsoft-Windows-WMI,63,None,"A provider, PowerMeterProvider, has been registered in the Windows Management Instrumentation namespace ROOT\CIMV2\power to use the LocalSystem account. This account is privileged and the provider may cause a security violation if it does not correctly impersonate user requests."
Warning,9/12/2016 8:45:45 AM,Microsoft-Windows-WMI,63,None,"A provider, MDMSettingsProv, has been registered in the Windows Management Instrumentation namespace ROOT\CIMV2\mdm to use the LocalSystem account. This account is privileged and the provider may cause a security violation if it does not correctly impersonate user requests."
Warning,9/12/2016 8:45:45 AM,Microsoft-Windows-WMI,63,None,"A provider, DMWmiBridgeProv, has been registered in the Windows Management Instrumentation namespace ROOT\CIMV2\mdm\dmmap to use the LocalSystem account. This account is privileged and the provider may cause a security violation if it does not correctly impersonate user requests."
Warning,9/12/2016 8:45:45 AM,Microsoft-Windows-WMI,63,None,"A provider, DMWmiBridgeProv, has been registered in the Windows Management Instrumentation namespace ROOT\CIMV2\mdm\dmmap to use the LocalSystem account. This account is privileged and the provider may cause a security violation if it does not correctly impersonate user requests."
Warning,9/12/2016 8:45:45 AM,Microsoft-Windows-WMI,63,None,"A provider, DMWmiBridgeProv, has been registered in the Windows Management Instrumentation namespace ROOT\CIMV2\mdm\dmmap to use the LocalSystem account. This account is privileged and the provider may cause a security violation if it does not correctly impersonate user requests."
Warning,9/12/2016 8:45:45 AM,Microsoft-Windows-WMI,63,None,"A provider, MDMSettingsProv, has been registered in the Windows Management Instrumentation namespace ROOT\CIMV2\mdm to use the LocalSystem account. This account is privileged and the provider may cause a security violation if it does not correctly impersonate user requests."
Warning,9/12/2016 8:45:45 AM,Microsoft-Windows-WMI,63,None,"A provider, MDMSettingsProv, has been registered in the Windows Management Instrumentation namespace ROOT\CIMV2\mdm to use the LocalSystem account. This account is privileged and the provider may cause a security violation if it does not correctly impersonate user requests."
Warning,9/12/2016 8:45:45 AM,Microsoft-Windows-WMI,63,None,"A provider, UserProfileConfigurationProvider, has been registered in the Windows Management Instrumentation namespace ROOT\CIMV2 to use the LocalSystem account. This account is privileged and the provider may cause a security violation if it does not correctly impersonate user requests."
Warning,9/12/2016 8:45:45 AM,Microsoft-Windows-WMI,63,None,"A provider, Win32_FolderRedirectionConfiguration, has been registered in the Windows Management Instrumentation namespace ROOT\CIMV2 to use the LocalSystem account. This account is privileged and the provider may cause a security violation if it does not correctly impersonate user requests."
Warning,9/12/2016 8:45:45 AM,Microsoft-Windows-WMI,63,None,"A provider, InvProv, has been registered in the Windows Management Instrumentation namespace ROOT\CIMV2 to use the LocalSystem account. This account is privileged and the provider may cause a security violation if it does not correctly impersonate user requests."
Warning,9/12/2016 8:45:45 AM,Microsoft-Windows-WMI,63,None,"A provider, UserProfileConfigurationProvider, has been registered in the Windows Management Instrumentation namespace ROOT\CIMV2 to use the LocalSystem account. This account is privileged and the provider may cause a security violation if it does not correctly impersonate user requests."
Warning,9/12/2016 8:45:45 AM,Microsoft-Windows-WMI,63,None,"A provider, Win32_UserStateConfigurationProvider, has been registered in the Windows Management Instrumentation namespace ROOT\CIMV2 to use the LocalSystem account. This account is privileged and the provider may cause a security violation if it does not correctly impersonate user requests."
Warning,9/12/2016 8:45:45 AM,Microsoft-Windows-WMI,63,None,"A provider, Win32_FolderRedirectionConfiguration, has been registered in the Windows Management Instrumentation namespace ROOT\CIMV2 to use the LocalSystem account. This account is privileged and the provider may cause a security violation if it does not correctly impersonate user requests."
Warning,9/12/2016 8:45:45 AM,Microsoft-Windows-WMI,63,None,"A provider, Win32_UserStateConfigurationProvider, has been registered in the Windows Management Instrumentation namespace ROOT\CIMV2 to use the LocalSystem account. This account is privileged and the provider may cause a security violation if it does not correctly impersonate user requests."
Warning,9/12/2016 8:45:45 AM,Microsoft-Windows-WMI,63,None,"A provider, UserProfileConfigurationProvider, has been registered in the Windows Management Instrumentation namespace ROOT\CIMV2 to use the LocalSystem account. This account is privileged and the provider may cause a security violation if it does not correctly impersonate user requests."
Warning,9/12/2016 8:45:45 AM,Microsoft-Windows-WMI,63,None,"A provider, InvProv, has been registered in the Windows Management Instrumentation namespace ROOT\CIMV2 to use the LocalSystem account. This account is privileged and the provider may cause a security violation if it does not correctly impersonate user requests."
Warning,9/12/2016 8:45:41 AM,Microsoft-Windows-MSDTC Client 2,4104,Cluster,Failed trying to get the state of the cluster node: DESKTOP-VHT19DE.The error code returned: 0x8007085A
Error,9/12/2016 8:45:41 AM,Microsoft-Windows-MSDTC Client 2,4104,Cluster,Failed trying to get the state of the cluster node: .The error code returned: 0x8007085A
Information,9/12/2016 8:45:41 AM,Microsoft-Windows-Complus,781,None,The COM+ sub system is suppressing duplicate event log entries for a duration of 86400 seconds.  The suppression timeout can be controlled by a REG_DWORD value named SuppressDuplicateDuration under the following registry key: HKLM\Software\Microsoft\COM3\Eventlog.
Warning,9/12/2016 8:45:41 AM,Microsoft-Windows-MSDTC Client 2,4879,CM,MSDTC encountered an error (HR=0x80000171) while attempting to establish a secure connection with system DESKTOP-VHT19DE.
Information,9/12/2016 8:45:37 AM,Microsoft-Windows-Security-SPP,1003,None,"The Software Protection service has completed licensing status check.
Application Id=55c92734-d682-4d71-983e-d6ec3f16059f
Licensing Status=
1: 0567073a-7d74-403b-b2d5-6b35da372d8d, 1, 0 [(0 [0xC004F014, 0, 0], [(?)(?)(?)(?)(?)(?)(?)(?)])(1 )(2 )(3 )]
2: 0cdc4d08-6df6-4eb4-b5b4-a373c3e351e7, 1, 0 [(0 [0xC004F014, 0, 0], [(?)(?)(?)(?)(?)(?)(?)(?)])(1 )(2 )(3 )]
3: 1b750385-9fe2-49a8-ab55-149d0546395b, 1, 0 [(0 [0xC004F014, 0, 0], [(?)(?)(?)(?)(?)(?)(?)(?)])(1 )(2 )(3 )]
4: 1d873132-f09f-4eb2-bf5a-2e4fb48935e8, 1, 0 [(0 [0xC004F014, 0, 0], [(?)(?)(?)(?)(?)(?)(?)(?)])(1 )(2 )(3 )]
5: 2b1f36bb-c1cd-4306-bf5c-a0367c2d97d8, 1, 1 [(0 )(1 )(2 [0xC004E003, 0, 0], [( 1 0xC004F034)( 1 0xC004F034)(?)(?)(?)(?)(?)(?)])(3 [0x00000000, 0, 0], [( 6 0xC004F009 0 0)( 1 0x00000000)( 6 0xC004F009 0 0)(?)(?)(?)( 10 0x00000000 msft:rm/algorithm/flags/1.0)( 11 0x00000000 0xC004F034)])]
6: 30d469c6-a78f-4476-b5c8-af78d5b6a5fb, 1, 0 [(0 [0xC004F014, 0, 0], [(?)(?)(?)(?)(?)(?)(?)(?)])(1 )(2 )(3 )]
7: 411b3d4f-be6d-4a06-baaa-9cabfc256cae, 1, 0 [(0 [0xC004F014, 0, 0], [(?)(?)(?)(?)(?)(?)(?)(?)])(1 )(2 )(3 )]
8: 58e97c99-f377-4ef1-81d5-4ad5522b5fd8, 1, 0 [(0 [0xC004F014, 0, 0], [(?)(?)(?)(?)(?)(?)(?)(?)])(1 )(2 )(3 )]
9: 74436dbb-cc17-46de-867f-14906ba4a938, 1, 0 [(0 [0xC004F014, 0, 0], [(?)(?)(?)(?)(?)(?)(?)(?)])(1 )(2 )(3 )]
10: 8db63db6-4f8f-46d6-a448-66444faaaa72, 1, 0 [(0 [0xC004F014, 0, 0], [(?)(?)(?)(?)(?)(?)(?)(?)])(1 )(2 )(3 )]
11: 9e4b231b-3e45-41f4-967f-c914f178b6ac, 1, 0 [(0 [0xC004F014, 0, 0], [(?)(?)(?)(?)(?)(?)(?)(?)])(1 )(2 )(3 )]
12: bbc56067-37f8-49dd-87b2-a418a9ba130a, 1, 0 [(0 [0xC004F014, 0, 0], [(?)(?)(?)(?)(?)(?)(?)(?)])(1 )(2 )(3 )]
13: c082c31b-2c4f-4e07-94d7-9181fa802c4b, 1, 0 [(0 [0xC004F014, 0, 0], [(?)(?)(?)(?)(?)(?)(?)(?)])(1 )(2 )(3 )]
14: e371d89a-73e8-4b24-a7ff-23a3641dd18e, 1, 0 [(0 [0xC004F014, 0, 0], [(?)(?)(?)(?)(?)(?)(?)(?)])(1 )(2 )(3 )]

"
Information,9/12/2016 8:45:25 AM,Microsoft-Windows-LoadPerf,1000,None,Performance counters for the WmiApRpl (WmiApRpl) service were loaded successfully. The Record Data in the data section contains the new index values assigned to this service.
Error,9/12/2016 8:45:18 AM,Microsoft-Windows-Perflib,1008,None,"The Open Procedure for service ""MSDTC"" in DLL ""C:\WINDOWS\system32\msdtcuiu.DLL"" failed. Performance data for this service will not be available. The first four bytes (DWORD) of the Data section contains the error code."
Error,9/12/2016 8:45:18 AM,Microsoft-Windows-MSDTC Client 2,4104,Cluster,Failed trying to get the state of the cluster node: .The error code returned: 0x8007085A
Error,9/12/2016 8:45:18 AM,Microsoft-Windows-Perflib,1008,None,"The Open Procedure for service ""BITS"" in DLL ""C:\Windows\System32\bitsperf.dll"" failed. Performance data for this service will not be available. The first four bytes (DWORD) of the Data section contains the error code."
Error,9/12/2016 8:45:10 AM,Microsoft-Windows-MSDTC Client 2,4104,Cluster,Failed trying to get the state of the cluster node: .The error code returned: 0x8007085A
Information,9/12/2016 8:45:10 AM,Microsoft-Windows-MSDTC 2,4202,TM,"MSDTC started with the following settings: Security Configuration (OFF = 0 and ON = 1): Allow Remote Administrator = 0, Network Clients = 0, Transaction Manager Communication:  Allow Inbound Transactions = 0, Allow Outbound Transactions = 0, Transaction Internet Protocol (TIP) = 0,  Enable XA Transactions = 0,  Enable SNA LU 6.2 Transactions = 1,  MSDTC Communications Security = Mutual Authentication Required, Account = NT AUTHORITY\NetworkService,  Firewall Exclusion Detected = 0 Transaction Bridge Installed = 0 Filtering Duplicate Events = 1"
Error,9/12/2016 8:45:10 AM,Microsoft-Windows-MSDTC 2,4104,Cluster,Failed trying to get the state of the cluster node: .The error code returned: 0x8007085A
Warning,9/12/2016 8:45:10 AM,Microsoft-Windows-MSDTC Client 2,4104,Cluster,Failed trying to get the state of the cluster node: DESKTOP-VHT19DE.The error code returned: 0x8007085A
Error,9/12/2016 8:45:10 AM,Microsoft-Windows-MSDTC Client 2,4104,Cluster,Failed trying to get the state of the cluster node: .The error code returned: 0x8007085A
Information,9/12/2016 8:45:10 AM,Microsoft-Windows-Complus,781,None,The COM+ sub system is suppressing duplicate event log entries for a duration of 86400 seconds.  The suppression timeout can be controlled by a REG_DWORD value named SuppressDuplicateDuration under the following registry key: HKLM\Software\Microsoft\COM3\Eventlog.
Information,9/12/2016 8:44:59 AM,TPAutoConnSvc,0,None,"The description for Event ID 0 from source TPAutoConnSvc cannot be found. Either the component that raises this event is not installed on your local computer or the installation is corrupted. You can install or repair the component on the local computer.

If the event originated on another computer, the display information had to be saved with the event.

The following information was included with the event: 

TPAutoConnect Service started.
"
Information,9/12/2016 8:44:58 AM,VMUpgradeHelper,271,None,Restored network configuration.
Information,9/12/2016 8:44:58 AM,VMUpgradeHelper,258,None,Restoring network configuration.
Information,9/12/2016 8:44:57 AM,Microsoft-Windows-WMI,5617,None,Windows Management Instrumentation Service subsystems initialized successfully
Information,9/12/2016 8:44:56 AM,Microsoft-Windows-WMI,5615,None,Windows Management Instrumentation Service started sucessfully
Information,9/12/2016 8:44:56 AM,VMTools,105,None,The service was started.
Information,9/12/2016 8:44:55 AM,Microsoft-Windows-User Profiles Service,1531,None,"The User Profile Service has started successfully.  

"
Information,9/12/2016 8:44:55 AM,Microsoft-Windows-EventSystem,4625,None,The EventSystem sub system is suppressing duplicate event log entries for a duration of 86400 seconds.  The suppression timeout can be controlled by a REG_DWORD value named SuppressDuplicateDuration under the following registry key: HKLM\Software\Microsoft\EventSystem\EventLog.
Information,9/9/2016 5:19:44 PM,Microsoft-Windows-User Profiles Service,1532,None,"The User Profile Service has stopped.  

"
Warning,9/9/2016 5:17:04 PM,Microsoft-Windows-User Profiles Service,1534,None,"Profile notification of event Create for component {D63AA156-D534-4BAC-9BF1-55359CF5EC30} failed, error code is The system cannot find the path specified.
. 

"
Information,9/9/2016 5:17:04 PM,Microsoft-Windows-Search-ProfileNotify,5,None,"Windows Search Service has created default configuration for new user 'DESKTOP-VHT19DE\tyler' .
"
Information,9/9/2016 5:15:52 PM,Microsoft-Windows-WMI,5617,None,Windows Management Instrumentation Service subsystems initialized successfully
Information,9/9/2016 5:14:52 PM,Microsoft-Windows-WMI,5615,None,Windows Management Instrumentation Service started sucessfully
Information,9/9/2016 5:14:51 PM,Microsoft-Windows-User Profiles Service,1531,None,"The User Profile Service has started successfully.  

"
Information,9/9/2016 5:14:51 PM,Microsoft-Windows-EventSystem,4625,None,The EventSystem sub system is suppressing duplicate event log entries for a duration of 86400 seconds.  The suppression timeout can be controlled by a REG_DWORD value named SuppressDuplicateDuration under the following registry key: HKLM\Software\Microsoft\EventSystem\EventLog.
