Audit Success,9/13/2016 4:43:47 PM,Microsoft-Windows-Security-Auditing,4616,Security State Change,"The system time was changed.

Subject:
	Security ID:		SYSTEM
	Account Name:		DESKTOP-VHT19DE$
	Account Domain:		WORKGROUP
	Logon ID:		0x3E7

Process Information:
	Process ID:	0x81c
	Name:		C:\Program Files\VMware\VMware Tools\vmtoolsd.exe

Previous Time:		‎2016‎-‎09‎-‎12T20:11:17.843795700Z
New Time:		‎2016‎-‎09‎-‎13T22:43:47.458000000Z

This event is generated when the system time is changed. It is normal for the Windows Time Service, which runs with System privilege, to change the system time on a regular basis. Other system time changes may be indicative of attempts to tamper with the computer."
Audit Success,9/12/2016 2:00:39 PM,Microsoft-Windows-Security-Auditing,4672,Special Logon,"Special privileges assigned to new logon.

Subject:
	Security ID:		SYSTEM
	Account Name:		SYSTEM
	Account Domain:		NT AUTHORITY
	Logon ID:		0x3E7

Privileges:		SeAssignPrimaryTokenPrivilege
			SeTcbPrivilege
			SeSecurityPrivilege
			SeTakeOwnershipPrivilege
			SeLoadDriverPrivilege
			SeBackupPrivilege
			SeRestorePrivilege
			SeDebugPrivilege
			SeAuditPrivilege
			SeSystemEnvironmentPrivilege
			SeImpersonatePrivilege
			SeDelegateSessionUserImpersonatePrivilege"
Audit Success,9/12/2016 2:00:39 PM,Microsoft-Windows-Security-Auditing,4624,Logon,"An account was successfully logged on.

Subject:
	Security ID:		SYSTEM
	Account Name:		DESKTOP-VHT19DE$
	Account Domain:		WORKGROUP
	Logon ID:		0x3E7

Logon Information:
	Logon Type:		5
	Restricted Admin Mode:	-
	Virtual Account:		No
	Elevated Token:		Yes

Impersonation Level:		Impersonation

New Logon:
	Security ID:		SYSTEM
	Account Name:		SYSTEM
	Account Domain:		NT AUTHORITY
	Logon ID:		0x3E7
	Linked Logon ID:		0x0
	Network Account Name:	-
	Network Account Domain:	-
	Logon GUID:		{00000000-0000-0000-0000-000000000000}

Process Information:
	Process ID:		0x298
	Process Name:		C:\Windows\System32\services.exe

Network Information:
	Workstation Name:	
	Source Network Address:	-
	Source Port:		-

Detailed Authentication Information:
	Logon Process:		Advapi  
	Authentication Package:	Negotiate
	Transited Services:	-
	Package Name (NTLM only):	-
	Key Length:		0

This event is generated when a logon session is created. It is generated on the computer that was accessed.

The subject fields indicate the account on the local system which requested the logon. This is most commonly a service such as the Server service, or a local process such as Winlogon.exe or Services.exe.

The logon type field indicates the kind of logon that occurred. The most common types are 2 (interactive) and 3 (network).

The New Logon fields indicate the account for whom the new logon was created, i.e. the account that was logged on.

The network fields indicate where a remote logon request originated. Workstation name is not always available and may be left blank in some cases.

The impersonation level field indicates the extent to which a process in the logon session can impersonate.

The authentication information fields provide detailed information about this specific logon request.
	- Logon GUID is a unique identifier that can be used to correlate this event with a KDC event.
	- Transited services indicate which intermediate services have participated in this logon request.
	- Package name indicates which sub-protocol was used among the NTLM protocols.
	- Key length indicates the length of the generated session key. This will be 0 if no session key was requested."
Audit Success,9/12/2016 2:00:04 PM,Microsoft-Windows-Security-Auditing,4672,Special Logon,"Special privileges assigned to new logon.

Subject:
	Security ID:		SYSTEM
	Account Name:		SYSTEM
	Account Domain:		NT AUTHORITY
	Logon ID:		0x3E7

Privileges:		SeAssignPrimaryTokenPrivilege
			SeTcbPrivilege
			SeSecurityPrivilege
			SeTakeOwnershipPrivilege
			SeLoadDriverPrivilege
			SeBackupPrivilege
			SeRestorePrivilege
			SeDebugPrivilege
			SeAuditPrivilege
			SeSystemEnvironmentPrivilege
			SeImpersonatePrivilege
			SeDelegateSessionUserImpersonatePrivilege"
Audit Success,9/12/2016 2:00:04 PM,Microsoft-Windows-Security-Auditing,4624,Logon,"An account was successfully logged on.

Subject:
	Security ID:		SYSTEM
	Account Name:		DESKTOP-VHT19DE$
	Account Domain:		WORKGROUP
	Logon ID:		0x3E7

Logon Information:
	Logon Type:		5
	Restricted Admin Mode:	-
	Virtual Account:		No
	Elevated Token:		Yes

Impersonation Level:		Impersonation

New Logon:
	Security ID:		SYSTEM
	Account Name:		SYSTEM
	Account Domain:		NT AUTHORITY
	Logon ID:		0x3E7
	Linked Logon ID:		0x0
	Network Account Name:	-
	Network Account Domain:	-
	Logon GUID:		{00000000-0000-0000-0000-000000000000}

Process Information:
	Process ID:		0x298
	Process Name:		C:\Windows\System32\services.exe

Network Information:
	Workstation Name:	
	Source Network Address:	-
	Source Port:		-

Detailed Authentication Information:
	Logon Process:		Advapi  
	Authentication Package:	Negotiate
	Transited Services:	-
	Package Name (NTLM only):	-
	Key Length:		0

This event is generated when a logon session is created. It is generated on the computer that was accessed.

The subject fields indicate the account on the local system which requested the logon. This is most commonly a service such as the Server service, or a local process such as Winlogon.exe or Services.exe.

The logon type field indicates the kind of logon that occurred. The most common types are 2 (interactive) and 3 (network).

The New Logon fields indicate the account for whom the new logon was created, i.e. the account that was logged on.

The network fields indicate where a remote logon request originated. Workstation name is not always available and may be left blank in some cases.

The impersonation level field indicates the extent to which a process in the logon session can impersonate.

The authentication information fields provide detailed information about this specific logon request.
	- Logon GUID is a unique identifier that can be used to correlate this event with a KDC event.
	- Transited services indicate which intermediate services have participated in this logon request.
	- Package name indicates which sub-protocol was used among the NTLM protocols.
	- Key length indicates the length of the generated session key. This will be 0 if no session key was requested."
Audit Success,9/12/2016 1:50:08 PM,Microsoft-Windows-Security-Auditing,4672,Special Logon,"Special privileges assigned to new logon.

Subject:
	Security ID:		SYSTEM
	Account Name:		SYSTEM
	Account Domain:		NT AUTHORITY
	Logon ID:		0x3E7

Privileges:		SeAssignPrimaryTokenPrivilege
			SeTcbPrivilege
			SeSecurityPrivilege
			SeTakeOwnershipPrivilege
			SeLoadDriverPrivilege
			SeBackupPrivilege
			SeRestorePrivilege
			SeDebugPrivilege
			SeAuditPrivilege
			SeSystemEnvironmentPrivilege
			SeImpersonatePrivilege
			SeDelegateSessionUserImpersonatePrivilege"
Audit Success,9/12/2016 1:50:08 PM,Microsoft-Windows-Security-Auditing,4624,Logon,"An account was successfully logged on.

Subject:
	Security ID:		SYSTEM
	Account Name:		DESKTOP-VHT19DE$
	Account Domain:		WORKGROUP
	Logon ID:		0x3E7

Logon Information:
	Logon Type:		5
	Restricted Admin Mode:	-
	Virtual Account:		No
	Elevated Token:		Yes

Impersonation Level:		Impersonation

New Logon:
	Security ID:		SYSTEM
	Account Name:		SYSTEM
	Account Domain:		NT AUTHORITY
	Logon ID:		0x3E7
	Linked Logon ID:		0x0
	Network Account Name:	-
	Network Account Domain:	-
	Logon GUID:		{00000000-0000-0000-0000-000000000000}

Process Information:
	Process ID:		0x298
	Process Name:		C:\Windows\System32\services.exe

Network Information:
	Workstation Name:	
	Source Network Address:	-
	Source Port:		-

Detailed Authentication Information:
	Logon Process:		Advapi  
	Authentication Package:	Negotiate
	Transited Services:	-
	Package Name (NTLM only):	-
	Key Length:		0

This event is generated when a logon session is created. It is generated on the computer that was accessed.

The subject fields indicate the account on the local system which requested the logon. This is most commonly a service such as the Server service, or a local process such as Winlogon.exe or Services.exe.

The logon type field indicates the kind of logon that occurred. The most common types are 2 (interactive) and 3 (network).

The New Logon fields indicate the account for whom the new logon was created, i.e. the account that was logged on.

The network fields indicate where a remote logon request originated. Workstation name is not always available and may be left blank in some cases.

The impersonation level field indicates the extent to which a process in the logon session can impersonate.

The authentication information fields provide detailed information about this specific logon request.
	- Logon GUID is a unique identifier that can be used to correlate this event with a KDC event.
	- Transited services indicate which intermediate services have participated in this logon request.
	- Package name indicates which sub-protocol was used among the NTLM protocols.
	- Key length indicates the length of the generated session key. This will be 0 if no session key was requested."
Audit Success,9/12/2016 1:50:04 PM,Microsoft-Windows-Security-Auditing,4672,Special Logon,"Special privileges assigned to new logon.

Subject:
	Security ID:		SYSTEM
	Account Name:		SYSTEM
	Account Domain:		NT AUTHORITY
	Logon ID:		0x3E7

Privileges:		SeAssignPrimaryTokenPrivilege
			SeTcbPrivilege
			SeSecurityPrivilege
			SeTakeOwnershipPrivilege
			SeLoadDriverPrivilege
			SeBackupPrivilege
			SeRestorePrivilege
			SeDebugPrivilege
			SeAuditPrivilege
			SeSystemEnvironmentPrivilege
			SeImpersonatePrivilege
			SeDelegateSessionUserImpersonatePrivilege"
Audit Success,9/12/2016 1:50:04 PM,Microsoft-Windows-Security-Auditing,4624,Logon,"An account was successfully logged on.

Subject:
	Security ID:		SYSTEM
	Account Name:		DESKTOP-VHT19DE$
	Account Domain:		WORKGROUP
	Logon ID:		0x3E7

Logon Information:
	Logon Type:		5
	Restricted Admin Mode:	-
	Virtual Account:		No
	Elevated Token:		Yes

Impersonation Level:		Impersonation

New Logon:
	Security ID:		SYSTEM
	Account Name:		SYSTEM
	Account Domain:		NT AUTHORITY
	Logon ID:		0x3E7
	Linked Logon ID:		0x0
	Network Account Name:	-
	Network Account Domain:	-
	Logon GUID:		{00000000-0000-0000-0000-000000000000}

Process Information:
	Process ID:		0x298
	Process Name:		C:\Windows\System32\services.exe

Network Information:
	Workstation Name:	
	Source Network Address:	-
	Source Port:		-

Detailed Authentication Information:
	Logon Process:		Advapi  
	Authentication Package:	Negotiate
	Transited Services:	-
	Package Name (NTLM only):	-
	Key Length:		0

This event is generated when a logon session is created. It is generated on the computer that was accessed.

The subject fields indicate the account on the local system which requested the logon. This is most commonly a service such as the Server service, or a local process such as Winlogon.exe or Services.exe.

The logon type field indicates the kind of logon that occurred. The most common types are 2 (interactive) and 3 (network).

The New Logon fields indicate the account for whom the new logon was created, i.e. the account that was logged on.

The network fields indicate where a remote logon request originated. Workstation name is not always available and may be left blank in some cases.

The impersonation level field indicates the extent to which a process in the logon session can impersonate.

The authentication information fields provide detailed information about this specific logon request.
	- Logon GUID is a unique identifier that can be used to correlate this event with a KDC event.
	- Transited services indicate which intermediate services have participated in this logon request.
	- Package name indicates which sub-protocol was used among the NTLM protocols.
	- Key length indicates the length of the generated session key. This will be 0 if no session key was requested."
Audit Success,9/12/2016 12:52:16 PM,Microsoft-Windows-Security-Auditing,4672,Special Logon,"Special privileges assigned to new logon.

Subject:
	Security ID:		SYSTEM
	Account Name:		SYSTEM
	Account Domain:		NT AUTHORITY
	Logon ID:		0x3E7

Privileges:		SeAssignPrimaryTokenPrivilege
			SeTcbPrivilege
			SeSecurityPrivilege
			SeTakeOwnershipPrivilege
			SeLoadDriverPrivilege
			SeBackupPrivilege
			SeRestorePrivilege
			SeDebugPrivilege
			SeAuditPrivilege
			SeSystemEnvironmentPrivilege
			SeImpersonatePrivilege
			SeDelegateSessionUserImpersonatePrivilege"
Audit Success,9/12/2016 12:52:16 PM,Microsoft-Windows-Security-Auditing,4624,Logon,"An account was successfully logged on.

Subject:
	Security ID:		SYSTEM
	Account Name:		DESKTOP-VHT19DE$
	Account Domain:		WORKGROUP
	Logon ID:		0x3E7

Logon Information:
	Logon Type:		5
	Restricted Admin Mode:	-
	Virtual Account:		No
	Elevated Token:		Yes

Impersonation Level:		Impersonation

New Logon:
	Security ID:		SYSTEM
	Account Name:		SYSTEM
	Account Domain:		NT AUTHORITY
	Logon ID:		0x3E7
	Linked Logon ID:		0x0
	Network Account Name:	-
	Network Account Domain:	-
	Logon GUID:		{00000000-0000-0000-0000-000000000000}

Process Information:
	Process ID:		0x298
	Process Name:		C:\Windows\System32\services.exe

Network Information:
	Workstation Name:	
	Source Network Address:	-
	Source Port:		-

Detailed Authentication Information:
	Logon Process:		Advapi  
	Authentication Package:	Negotiate
	Transited Services:	-
	Package Name (NTLM only):	-
	Key Length:		0

This event is generated when a logon session is created. It is generated on the computer that was accessed.

The subject fields indicate the account on the local system which requested the logon. This is most commonly a service such as the Server service, or a local process such as Winlogon.exe or Services.exe.

The logon type field indicates the kind of logon that occurred. The most common types are 2 (interactive) and 3 (network).

The New Logon fields indicate the account for whom the new logon was created, i.e. the account that was logged on.

The network fields indicate where a remote logon request originated. Workstation name is not always available and may be left blank in some cases.

The impersonation level field indicates the extent to which a process in the logon session can impersonate.

The authentication information fields provide detailed information about this specific logon request.
	- Logon GUID is a unique identifier that can be used to correlate this event with a KDC event.
	- Transited services indicate which intermediate services have participated in this logon request.
	- Package name indicates which sub-protocol was used among the NTLM protocols.
	- Key length indicates the length of the generated session key. This will be 0 if no session key was requested."
Audit Success,9/12/2016 12:46:22 PM,Microsoft-Windows-Security-Auditing,4672,Special Logon,"Special privileges assigned to new logon.

Subject:
	Security ID:		SYSTEM
	Account Name:		SYSTEM
	Account Domain:		NT AUTHORITY
	Logon ID:		0x3E7

Privileges:		SeAssignPrimaryTokenPrivilege
			SeTcbPrivilege
			SeSecurityPrivilege
			SeTakeOwnershipPrivilege
			SeLoadDriverPrivilege
			SeBackupPrivilege
			SeRestorePrivilege
			SeDebugPrivilege
			SeAuditPrivilege
			SeSystemEnvironmentPrivilege
			SeImpersonatePrivilege
			SeDelegateSessionUserImpersonatePrivilege"
Audit Success,9/12/2016 12:46:22 PM,Microsoft-Windows-Security-Auditing,4624,Logon,"An account was successfully logged on.

Subject:
	Security ID:		SYSTEM
	Account Name:		DESKTOP-VHT19DE$
	Account Domain:		WORKGROUP
	Logon ID:		0x3E7

Logon Information:
	Logon Type:		5
	Restricted Admin Mode:	-
	Virtual Account:		No
	Elevated Token:		Yes

Impersonation Level:		Impersonation

New Logon:
	Security ID:		SYSTEM
	Account Name:		SYSTEM
	Account Domain:		NT AUTHORITY
	Logon ID:		0x3E7
	Linked Logon ID:		0x0
	Network Account Name:	-
	Network Account Domain:	-
	Logon GUID:		{00000000-0000-0000-0000-000000000000}

Process Information:
	Process ID:		0x298
	Process Name:		C:\Windows\System32\services.exe

Network Information:
	Workstation Name:	
	Source Network Address:	-
	Source Port:		-

Detailed Authentication Information:
	Logon Process:		Advapi  
	Authentication Package:	Negotiate
	Transited Services:	-
	Package Name (NTLM only):	-
	Key Length:		0

This event is generated when a logon session is created. It is generated on the computer that was accessed.

The subject fields indicate the account on the local system which requested the logon. This is most commonly a service such as the Server service, or a local process such as Winlogon.exe or Services.exe.

The logon type field indicates the kind of logon that occurred. The most common types are 2 (interactive) and 3 (network).

The New Logon fields indicate the account for whom the new logon was created, i.e. the account that was logged on.

The network fields indicate where a remote logon request originated. Workstation name is not always available and may be left blank in some cases.

The impersonation level field indicates the extent to which a process in the logon session can impersonate.

The authentication information fields provide detailed information about this specific logon request.
	- Logon GUID is a unique identifier that can be used to correlate this event with a KDC event.
	- Transited services indicate which intermediate services have participated in this logon request.
	- Package name indicates which sub-protocol was used among the NTLM protocols.
	- Key length indicates the length of the generated session key. This will be 0 if no session key was requested."
Audit Success,9/12/2016 12:46:22 PM,Microsoft-Windows-Security-Auditing,4672,Special Logon,"Special privileges assigned to new logon.

Subject:
	Security ID:		SYSTEM
	Account Name:		SYSTEM
	Account Domain:		NT AUTHORITY
	Logon ID:		0x3E7

Privileges:		SeAssignPrimaryTokenPrivilege
			SeTcbPrivilege
			SeSecurityPrivilege
			SeTakeOwnershipPrivilege
			SeLoadDriverPrivilege
			SeBackupPrivilege
			SeRestorePrivilege
			SeDebugPrivilege
			SeAuditPrivilege
			SeSystemEnvironmentPrivilege
			SeImpersonatePrivilege
			SeDelegateSessionUserImpersonatePrivilege"
Audit Success,9/12/2016 12:46:22 PM,Microsoft-Windows-Security-Auditing,4624,Logon,"An account was successfully logged on.

Subject:
	Security ID:		SYSTEM
	Account Name:		DESKTOP-VHT19DE$
	Account Domain:		WORKGROUP
	Logon ID:		0x3E7

Logon Information:
	Logon Type:		5
	Restricted Admin Mode:	-
	Virtual Account:		No
	Elevated Token:		Yes

Impersonation Level:		Impersonation

New Logon:
	Security ID:		SYSTEM
	Account Name:		SYSTEM
	Account Domain:		NT AUTHORITY
	Logon ID:		0x3E7
	Linked Logon ID:		0x0
	Network Account Name:	-
	Network Account Domain:	-
	Logon GUID:		{00000000-0000-0000-0000-000000000000}

Process Information:
	Process ID:		0x298
	Process Name:		C:\Windows\System32\services.exe

Network Information:
	Workstation Name:	
	Source Network Address:	-
	Source Port:		-

Detailed Authentication Information:
	Logon Process:		Advapi  
	Authentication Package:	Negotiate
	Transited Services:	-
	Package Name (NTLM only):	-
	Key Length:		0

This event is generated when a logon session is created. It is generated on the computer that was accessed.

The subject fields indicate the account on the local system which requested the logon. This is most commonly a service such as the Server service, or a local process such as Winlogon.exe or Services.exe.

The logon type field indicates the kind of logon that occurred. The most common types are 2 (interactive) and 3 (network).

The New Logon fields indicate the account for whom the new logon was created, i.e. the account that was logged on.

The network fields indicate where a remote logon request originated. Workstation name is not always available and may be left blank in some cases.

The impersonation level field indicates the extent to which a process in the logon session can impersonate.

The authentication information fields provide detailed information about this specific logon request.
	- Logon GUID is a unique identifier that can be used to correlate this event with a KDC event.
	- Transited services indicate which intermediate services have participated in this logon request.
	- Package name indicates which sub-protocol was used among the NTLM protocols.
	- Key length indicates the length of the generated session key. This will be 0 if no session key was requested."
Audit Success,9/12/2016 12:44:36 PM,Microsoft-Windows-Security-Auditing,4907,Audit Policy Change,"Auditing settings on object were changed.

Subject:
	Security ID:		SYSTEM
	Account Name:		DESKTOP-VHT19DE$
	Account Domain:		WORKGROUP
	Logon ID:		0x3E7

Object:
	Object Server:	Security
	Object Type:	File
	Object Name:	C:\Windows\SysWOW64\Macromed\Flash\FlashUtil_ActiveX.exe
	Handle ID:	0x534

Process Information:
	Process ID:	0x890
	Process Name:	C:\Windows\WinSxS\amd64_microsoft-windows-servicingstack_31bf3856ad364e35_10.0.14393.82_none_5be7b69702339d1d\TiWorker.exe

Auditing Settings:
	Original Security Descriptor:	S:AI
	New Security Descriptor:		S:ARAI(AU;SAFA;DCLCRPCRSDWDWO;;;WD)"
Audit Success,9/12/2016 12:44:36 PM,Microsoft-Windows-Security-Auditing,4907,Audit Policy Change,"Auditing settings on object were changed.

Subject:
	Security ID:		SYSTEM
	Account Name:		DESKTOP-VHT19DE$
	Account Domain:		WORKGROUP
	Logon ID:		0x3E7

Object:
	Object Server:	Security
	Object Type:	File
	Object Name:	C:\Windows\SysWOW64\Macromed\Flash\FlashUtil_ActiveX.dll
	Handle ID:	0x530

Process Information:
	Process ID:	0x890
	Process Name:	C:\Windows\WinSxS\amd64_microsoft-windows-servicingstack_31bf3856ad364e35_10.0.14393.82_none_5be7b69702339d1d\TiWorker.exe

Auditing Settings:
	Original Security Descriptor:	S:AI
	New Security Descriptor:		S:ARAI(AU;SAFA;DCLCRPCRSDWDWO;;;WD)"
Audit Success,9/12/2016 12:44:36 PM,Microsoft-Windows-Security-Auditing,4907,Audit Policy Change,"Auditing settings on object were changed.

Subject:
	Security ID:		SYSTEM
	Account Name:		DESKTOP-VHT19DE$
	Account Domain:		WORKGROUP
	Logon ID:		0x3E7

Object:
	Object Server:	Security
	Object Type:	File
	Object Name:	C:\Windows\SysWOW64\Macromed\Flash\Flash.ocx
	Handle ID:	0x53c

Process Information:
	Process ID:	0x890
	Process Name:	C:\Windows\WinSxS\amd64_microsoft-windows-servicingstack_31bf3856ad364e35_10.0.14393.82_none_5be7b69702339d1d\TiWorker.exe

Auditing Settings:
	Original Security Descriptor:	S:AI
	New Security Descriptor:		S:ARAI(AU;SAFA;DCLCRPCRSDWDWO;;;WD)"
Audit Success,9/12/2016 12:44:36 PM,Microsoft-Windows-Security-Auditing,4907,Audit Policy Change,"Auditing settings on object were changed.

Subject:
	Security ID:		SYSTEM
	Account Name:		DESKTOP-VHT19DE$
	Account Domain:		WORKGROUP
	Logon ID:		0x3E7

Object:
	Object Server:	Security
	Object Type:	File
	Object Name:	C:\Windows\SysWOW64\Macromed\Flash\activex.vch
	Handle ID:	0x500

Process Information:
	Process ID:	0x890
	Process Name:	C:\Windows\WinSxS\amd64_microsoft-windows-servicingstack_31bf3856ad364e35_10.0.14393.82_none_5be7b69702339d1d\TiWorker.exe

Auditing Settings:
	Original Security Descriptor:	S:AI
	New Security Descriptor:		S:ARAI(AU;SAFA;DCLCRPCRSDWDWO;;;WD)"
Audit Success,9/12/2016 12:44:36 PM,Microsoft-Windows-Security-Auditing,4907,Audit Policy Change,"Auditing settings on object were changed.

Subject:
	Security ID:		SYSTEM
	Account Name:		DESKTOP-VHT19DE$
	Account Domain:		WORKGROUP
	Logon ID:		0x3E7

Object:
	Object Server:	Security
	Object Type:	File
	Object Name:	C:\Windows\System32\Macromed\Flash\FlashUtil_ActiveX.exe
	Handle ID:	0x534

Process Information:
	Process ID:	0x890
	Process Name:	C:\Windows\WinSxS\amd64_microsoft-windows-servicingstack_31bf3856ad364e35_10.0.14393.82_none_5be7b69702339d1d\TiWorker.exe

Auditing Settings:
	Original Security Descriptor:	S:AI
	New Security Descriptor:		S:ARAI(AU;SAFA;DCLCRPCRSDWDWO;;;WD)"
Audit Success,9/12/2016 12:44:36 PM,Microsoft-Windows-Security-Auditing,4907,Audit Policy Change,"Auditing settings on object were changed.

Subject:
	Security ID:		SYSTEM
	Account Name:		DESKTOP-VHT19DE$
	Account Domain:		WORKGROUP
	Logon ID:		0x3E7

Object:
	Object Server:	Security
	Object Type:	File
	Object Name:	C:\Windows\System32\Macromed\Flash\FlashUtil_ActiveX.dll
	Handle ID:	0x530

Process Information:
	Process ID:	0x890
	Process Name:	C:\Windows\WinSxS\amd64_microsoft-windows-servicingstack_31bf3856ad364e35_10.0.14393.82_none_5be7b69702339d1d\TiWorker.exe

Auditing Settings:
	Original Security Descriptor:	S:AI
	New Security Descriptor:		S:ARAI(AU;SAFA;DCLCRPCRSDWDWO;;;WD)"
Audit Success,9/12/2016 12:44:36 PM,Microsoft-Windows-Security-Auditing,4907,Audit Policy Change,"Auditing settings on object were changed.

Subject:
	Security ID:		SYSTEM
	Account Name:		DESKTOP-VHT19DE$
	Account Domain:		WORKGROUP
	Logon ID:		0x3E7

Object:
	Object Server:	Security
	Object Type:	File
	Object Name:	C:\Windows\System32\Macromed\Flash\Flash.ocx
	Handle ID:	0x53c

Process Information:
	Process ID:	0x890
	Process Name:	C:\Windows\WinSxS\amd64_microsoft-windows-servicingstack_31bf3856ad364e35_10.0.14393.82_none_5be7b69702339d1d\TiWorker.exe

Auditing Settings:
	Original Security Descriptor:	S:AI
	New Security Descriptor:		S:ARAI(AU;SAFA;DCLCRPCRSDWDWO;;;WD)"
Audit Success,9/12/2016 12:44:36 PM,Microsoft-Windows-Security-Auditing,4907,Audit Policy Change,"Auditing settings on object were changed.

Subject:
	Security ID:		SYSTEM
	Account Name:		DESKTOP-VHT19DE$
	Account Domain:		WORKGROUP
	Logon ID:		0x3E7

Object:
	Object Server:	Security
	Object Type:	File
	Object Name:	C:\Windows\System32\Macromed\Flash\activex.vch
	Handle ID:	0x500

Process Information:
	Process ID:	0x890
	Process Name:	C:\Windows\WinSxS\amd64_microsoft-windows-servicingstack_31bf3856ad364e35_10.0.14393.82_none_5be7b69702339d1d\TiWorker.exe

Auditing Settings:
	Original Security Descriptor:	S:AI
	New Security Descriptor:		S:ARAI(AU;SAFA;DCLCRPCRSDWDWO;;;WD)"
Audit Success,9/12/2016 12:44:36 PM,Microsoft-Windows-Security-Auditing,4907,Audit Policy Change,"Auditing settings on object were changed.

Subject:
	Security ID:		SYSTEM
	Account Name:		DESKTOP-VHT19DE$
	Account Domain:		WORKGROUP
	Logon ID:		0x3E7

Object:
	Object Server:	Security
	Object Type:	File
	Object Name:	C:\Windows\WinSxS\FileMaps\$$_system32_macromed_flash_5ff3bc7496f0271e.cdf-ms
	Handle ID:	0x534

Process Information:
	Process ID:	0x890
	Process Name:	C:\Windows\WinSxS\amd64_microsoft-windows-servicingstack_31bf3856ad364e35_10.0.14393.82_none_5be7b69702339d1d\TiWorker.exe

Auditing Settings:
	Original Security Descriptor:	
	New Security Descriptor:		S:ARAI(AU;SAFA;0x1f0116;;;WD)"
Audit Success,9/12/2016 12:44:36 PM,Microsoft-Windows-Security-Auditing,4907,Audit Policy Change,"Auditing settings on object were changed.

Subject:
	Security ID:		SYSTEM
	Account Name:		DESKTOP-VHT19DE$
	Account Domain:		WORKGROUP
	Logon ID:		0x3E7

Object:
	Object Server:	Security
	Object Type:	File
	Object Name:	C:\Windows\WinSxS\FileMaps\$$_system32_21f9a9c4a2f8b514.cdf-ms
	Handle ID:	0x53c

Process Information:
	Process ID:	0x890
	Process Name:	C:\Windows\WinSxS\amd64_microsoft-windows-servicingstack_31bf3856ad364e35_10.0.14393.82_none_5be7b69702339d1d\TiWorker.exe

Auditing Settings:
	Original Security Descriptor:	
	New Security Descriptor:		S:ARAI(AU;SAFA;0x1f0116;;;WD)"
Audit Success,9/12/2016 12:44:36 PM,Microsoft-Windows-Security-Auditing,4907,Audit Policy Change,"Auditing settings on object were changed.

Subject:
	Security ID:		SYSTEM
	Account Name:		DESKTOP-VHT19DE$
	Account Domain:		WORKGROUP
	Logon ID:		0x3E7

Object:
	Object Server:	Security
	Object Type:	File
	Object Name:	C:\Windows\WinSxS\FileMaps\$$_syswow64_macromed_flash_853cbcf10f17f618.cdf-ms
	Handle ID:	0x500

Process Information:
	Process ID:	0x890
	Process Name:	C:\Windows\WinSxS\amd64_microsoft-windows-servicingstack_31bf3856ad364e35_10.0.14393.82_none_5be7b69702339d1d\TiWorker.exe

Auditing Settings:
	Original Security Descriptor:	
	New Security Descriptor:		S:ARAI(AU;SAFA;0x1f0116;;;WD)"
Audit Success,9/12/2016 12:44:36 PM,Microsoft-Windows-Security-Auditing,4907,Audit Policy Change,"Auditing settings on object were changed.

Subject:
	Security ID:		SYSTEM
	Account Name:		DESKTOP-VHT19DE$
	Account Domain:		WORKGROUP
	Logon ID:		0x3E7

Object:
	Object Server:	Security
	Object Type:	File
	Object Name:	C:\Windows\WinSxS\FileMaps\$$_syswow64_21ffbdd2a2dd92e0.cdf-ms
	Handle ID:	0x534

Process Information:
	Process ID:	0x890
	Process Name:	C:\Windows\WinSxS\amd64_microsoft-windows-servicingstack_31bf3856ad364e35_10.0.14393.82_none_5be7b69702339d1d\TiWorker.exe

Auditing Settings:
	Original Security Descriptor:	
	New Security Descriptor:		S:ARAI(AU;SAFA;0x1f0116;;;WD)"
Audit Success,9/12/2016 12:44:36 PM,Microsoft-Windows-Security-Auditing,4907,Audit Policy Change,"Auditing settings on object were changed.

Subject:
	Security ID:		SYSTEM
	Account Name:		DESKTOP-VHT19DE$
	Account Domain:		WORKGROUP
	Logon ID:		0x3E7

Object:
	Object Server:	Security
	Object Type:	File
	Object Name:	C:\Windows\WinSxS\FileMaps\$$.cdf-ms
	Handle ID:	0x52c

Process Information:
	Process ID:	0x890
	Process Name:	C:\Windows\WinSxS\amd64_microsoft-windows-servicingstack_31bf3856ad364e35_10.0.14393.82_none_5be7b69702339d1d\TiWorker.exe

Auditing Settings:
	Original Security Descriptor:	
	New Security Descriptor:		S:ARAI(AU;SAFA;0x1f0116;;;WD)"
Audit Success,9/12/2016 12:44:36 PM,Microsoft-Windows-Security-Auditing,4907,Audit Policy Change,"Auditing settings on object were changed.

Subject:
	Security ID:		SYSTEM
	Account Name:		DESKTOP-VHT19DE$
	Account Domain:		WORKGROUP
	Logon ID:		0x3E7

Object:
	Object Server:	Security
	Object Type:	File
	Object Name:	C:\Windows\WinSxS\FileMaps\_0000000000000000.cdf-ms
	Handle ID:	0x53c

Process Information:
	Process ID:	0x890
	Process Name:	C:\Windows\WinSxS\amd64_microsoft-windows-servicingstack_31bf3856ad364e35_10.0.14393.82_none_5be7b69702339d1d\TiWorker.exe

Auditing Settings:
	Original Security Descriptor:	
	New Security Descriptor:		S:ARAI(AU;SAFA;0x1f0116;;;WD)"
Audit Success,9/12/2016 12:44:26 PM,Microsoft-Windows-Security-Auditing,4672,Special Logon,"Special privileges assigned to new logon.

Subject:
	Security ID:		SYSTEM
	Account Name:		SYSTEM
	Account Domain:		NT AUTHORITY
	Logon ID:		0x3E7

Privileges:		SeAssignPrimaryTokenPrivilege
			SeTcbPrivilege
			SeSecurityPrivilege
			SeTakeOwnershipPrivilege
			SeLoadDriverPrivilege
			SeBackupPrivilege
			SeRestorePrivilege
			SeDebugPrivilege
			SeAuditPrivilege
			SeSystemEnvironmentPrivilege
			SeImpersonatePrivilege
			SeDelegateSessionUserImpersonatePrivilege"
Audit Success,9/12/2016 12:44:26 PM,Microsoft-Windows-Security-Auditing,4624,Logon,"An account was successfully logged on.

Subject:
	Security ID:		SYSTEM
	Account Name:		DESKTOP-VHT19DE$
	Account Domain:		WORKGROUP
	Logon ID:		0x3E7

Logon Information:
	Logon Type:		5
	Restricted Admin Mode:	-
	Virtual Account:		No
	Elevated Token:		Yes

Impersonation Level:		Impersonation

New Logon:
	Security ID:		SYSTEM
	Account Name:		SYSTEM
	Account Domain:		NT AUTHORITY
	Logon ID:		0x3E7
	Linked Logon ID:		0x0
	Network Account Name:	-
	Network Account Domain:	-
	Logon GUID:		{00000000-0000-0000-0000-000000000000}

Process Information:
	Process ID:		0x298
	Process Name:		C:\Windows\System32\services.exe

Network Information:
	Workstation Name:	
	Source Network Address:	-
	Source Port:		-

Detailed Authentication Information:
	Logon Process:		Advapi  
	Authentication Package:	Negotiate
	Transited Services:	-
	Package Name (NTLM only):	-
	Key Length:		0

This event is generated when a logon session is created. It is generated on the computer that was accessed.

The subject fields indicate the account on the local system which requested the logon. This is most commonly a service such as the Server service, or a local process such as Winlogon.exe or Services.exe.

The logon type field indicates the kind of logon that occurred. The most common types are 2 (interactive) and 3 (network).

The New Logon fields indicate the account for whom the new logon was created, i.e. the account that was logged on.

The network fields indicate where a remote logon request originated. Workstation name is not always available and may be left blank in some cases.

The impersonation level field indicates the extent to which a process in the logon session can impersonate.

The authentication information fields provide detailed information about this specific logon request.
	- Logon GUID is a unique identifier that can be used to correlate this event with a KDC event.
	- Transited services indicate which intermediate services have participated in this logon request.
	- Package name indicates which sub-protocol was used among the NTLM protocols.
	- Key length indicates the length of the generated session key. This will be 0 if no session key was requested."
Audit Success,9/12/2016 12:44:25 PM,Microsoft-Windows-Security-Auditing,4907,Audit Policy Change,"Auditing settings on object were changed.

Subject:
	Security ID:		SYSTEM
	Account Name:		DESKTOP-VHT19DE$
	Account Domain:		WORKGROUP
	Logon ID:		0x3E7

Object:
	Object Server:	Security
	Object Type:	File
	Object Name:	C:\Windows\WinSxS\FileMaps\$$_servicing_version_10.0.14393.82_5ed30d5c59153409.cdf-ms
	Handle ID:	0x724

Process Information:
	Process ID:	0x1644
	Process Name:	C:\Windows\WinSxS\amd64_microsoft-windows-servicingstack_31bf3856ad364e35_10.0.14393.0_none_36d3ccc3ddfd1ecb\TiWorker.exe

Auditing Settings:
	Original Security Descriptor:	
	New Security Descriptor:		S:ARAI(AU;SAFA;0x1f0116;;;WD)"
Audit Success,9/12/2016 12:44:25 PM,Microsoft-Windows-Security-Auditing,4907,Audit Policy Change,"Auditing settings on object were changed.

Subject:
	Security ID:		SYSTEM
	Account Name:		DESKTOP-VHT19DE$
	Account Domain:		WORKGROUP
	Logon ID:		0x3E7

Object:
	Object Server:	Security
	Object Type:	File
	Object Name:	C:\Windows\WinSxS\FileMaps\$$_servicing_fc2045b9046cc796.cdf-ms
	Handle ID:	0x580

Process Information:
	Process ID:	0x1644
	Process Name:	C:\Windows\WinSxS\amd64_microsoft-windows-servicingstack_31bf3856ad364e35_10.0.14393.0_none_36d3ccc3ddfd1ecb\TiWorker.exe

Auditing Settings:
	Original Security Descriptor:	
	New Security Descriptor:		S:ARAI(AU;SAFA;0x1f0116;;;WD)"
Audit Success,9/12/2016 12:44:25 PM,Microsoft-Windows-Security-Auditing,4907,Audit Policy Change,"Auditing settings on object were changed.

Subject:
	Security ID:		SYSTEM
	Account Name:		DESKTOP-VHT19DE$
	Account Domain:		WORKGROUP
	Logon ID:		0x3E7

Object:
	Object Server:	Security
	Object Type:	File
	Object Name:	C:\Windows\WinSxS\FileMaps\$$_system32_advancedinstallers_dfe2cf200b391371.cdf-ms
	Handle ID:	0x724

Process Information:
	Process ID:	0x1644
	Process Name:	C:\Windows\WinSxS\amd64_microsoft-windows-servicingstack_31bf3856ad364e35_10.0.14393.0_none_36d3ccc3ddfd1ecb\TiWorker.exe

Auditing Settings:
	Original Security Descriptor:	
	New Security Descriptor:		S:ARAI(AU;SAFA;0x1f0116;;;WD)"
Audit Success,9/12/2016 12:44:25 PM,Microsoft-Windows-Security-Auditing,4907,Audit Policy Change,"Auditing settings on object were changed.

Subject:
	Security ID:		SYSTEM
	Account Name:		DESKTOP-VHT19DE$
	Account Domain:		WORKGROUP
	Logon ID:		0x3E7

Object:
	Object Server:	Security
	Object Type:	File
	Object Name:	C:\Windows\WinSxS\FileMaps\$$_system32_21f9a9c4a2f8b514.cdf-ms
	Handle ID:	0x738

Process Information:
	Process ID:	0x1644
	Process Name:	C:\Windows\WinSxS\amd64_microsoft-windows-servicingstack_31bf3856ad364e35_10.0.14393.0_none_36d3ccc3ddfd1ecb\TiWorker.exe

Auditing Settings:
	Original Security Descriptor:	
	New Security Descriptor:		S:ARAI(AU;SAFA;0x1f0116;;;WD)"
Audit Success,9/12/2016 12:44:25 PM,Microsoft-Windows-Security-Auditing,4907,Audit Policy Change,"Auditing settings on object were changed.

Subject:
	Security ID:		SYSTEM
	Account Name:		DESKTOP-VHT19DE$
	Account Domain:		WORKGROUP
	Logon ID:		0x3E7

Object:
	Object Server:	Security
	Object Type:	File
	Object Name:	C:\Windows\WinSxS\FileMaps\$$_syswow64_advancedinstallers_0c6bb4866bff02f7.cdf-ms
	Handle ID:	0x580

Process Information:
	Process ID:	0x1644
	Process Name:	C:\Windows\WinSxS\amd64_microsoft-windows-servicingstack_31bf3856ad364e35_10.0.14393.0_none_36d3ccc3ddfd1ecb\TiWorker.exe

Auditing Settings:
	Original Security Descriptor:	
	New Security Descriptor:		S:ARAI(AU;SAFA;0x1f0116;;;WD)"
Audit Success,9/12/2016 12:44:25 PM,Microsoft-Windows-Security-Auditing,4907,Audit Policy Change,"Auditing settings on object were changed.

Subject:
	Security ID:		SYSTEM
	Account Name:		DESKTOP-VHT19DE$
	Account Domain:		WORKGROUP
	Logon ID:		0x3E7

Object:
	Object Server:	Security
	Object Type:	File
	Object Name:	C:\Windows\WinSxS\FileMaps\$$_syswow64_21ffbdd2a2dd92e0.cdf-ms
	Handle ID:	0x724

Process Information:
	Process ID:	0x1644
	Process Name:	C:\Windows\WinSxS\amd64_microsoft-windows-servicingstack_31bf3856ad364e35_10.0.14393.0_none_36d3ccc3ddfd1ecb\TiWorker.exe

Auditing Settings:
	Original Security Descriptor:	
	New Security Descriptor:		S:ARAI(AU;SAFA;0x1f0116;;;WD)"
Audit Success,9/12/2016 12:44:25 PM,Microsoft-Windows-Security-Auditing,4907,Audit Policy Change,"Auditing settings on object were changed.

Subject:
	Security ID:		SYSTEM
	Account Name:		DESKTOP-VHT19DE$
	Account Domain:		WORKGROUP
	Logon ID:		0x3E7

Object:
	Object Server:	Security
	Object Type:	File
	Object Name:	C:\Windows\WinSxS\FileMaps\$$.cdf-ms
	Handle ID:	0x738

Process Information:
	Process ID:	0x1644
	Process Name:	C:\Windows\WinSxS\amd64_microsoft-windows-servicingstack_31bf3856ad364e35_10.0.14393.0_none_36d3ccc3ddfd1ecb\TiWorker.exe

Auditing Settings:
	Original Security Descriptor:	
	New Security Descriptor:		S:ARAI(AU;SAFA;0x1f0116;;;WD)"
Audit Success,9/12/2016 12:44:25 PM,Microsoft-Windows-Security-Auditing,4907,Audit Policy Change,"Auditing settings on object were changed.

Subject:
	Security ID:		SYSTEM
	Account Name:		DESKTOP-VHT19DE$
	Account Domain:		WORKGROUP
	Logon ID:		0x3E7

Object:
	Object Server:	Security
	Object Type:	File
	Object Name:	C:\Windows\WinSxS\FileMaps\_0000000000000000.cdf-ms
	Handle ID:	0x580

Process Information:
	Process ID:	0x1644
	Process Name:	C:\Windows\WinSxS\amd64_microsoft-windows-servicingstack_31bf3856ad364e35_10.0.14393.0_none_36d3ccc3ddfd1ecb\TiWorker.exe

Auditing Settings:
	Original Security Descriptor:	
	New Security Descriptor:		S:ARAI(AU;SAFA;0x1f0116;;;WD)"
Audit Success,9/12/2016 12:44:11 PM,Microsoft-Windows-Security-Auditing,4672,Special Logon,"Special privileges assigned to new logon.

Subject:
	Security ID:		SYSTEM
	Account Name:		SYSTEM
	Account Domain:		NT AUTHORITY
	Logon ID:		0x3E7

Privileges:		SeAssignPrimaryTokenPrivilege
			SeTcbPrivilege
			SeSecurityPrivilege
			SeTakeOwnershipPrivilege
			SeLoadDriverPrivilege
			SeBackupPrivilege
			SeRestorePrivilege
			SeDebugPrivilege
			SeAuditPrivilege
			SeSystemEnvironmentPrivilege
			SeImpersonatePrivilege
			SeDelegateSessionUserImpersonatePrivilege"
Audit Success,9/12/2016 12:44:11 PM,Microsoft-Windows-Security-Auditing,4624,Logon,"An account was successfully logged on.

Subject:
	Security ID:		SYSTEM
	Account Name:		DESKTOP-VHT19DE$
	Account Domain:		WORKGROUP
	Logon ID:		0x3E7

Logon Information:
	Logon Type:		5
	Restricted Admin Mode:	-
	Virtual Account:		No
	Elevated Token:		Yes

Impersonation Level:		Impersonation

New Logon:
	Security ID:		SYSTEM
	Account Name:		SYSTEM
	Account Domain:		NT AUTHORITY
	Logon ID:		0x3E7
	Linked Logon ID:		0x0
	Network Account Name:	-
	Network Account Domain:	-
	Logon GUID:		{00000000-0000-0000-0000-000000000000}

Process Information:
	Process ID:		0x298
	Process Name:		C:\Windows\System32\services.exe

Network Information:
	Workstation Name:	
	Source Network Address:	-
	Source Port:		-

Detailed Authentication Information:
	Logon Process:		Advapi  
	Authentication Package:	Negotiate
	Transited Services:	-
	Package Name (NTLM only):	-
	Key Length:		0

This event is generated when a logon session is created. It is generated on the computer that was accessed.

The subject fields indicate the account on the local system which requested the logon. This is most commonly a service such as the Server service, or a local process such as Winlogon.exe or Services.exe.

The logon type field indicates the kind of logon that occurred. The most common types are 2 (interactive) and 3 (network).

The New Logon fields indicate the account for whom the new logon was created, i.e. the account that was logged on.

The network fields indicate where a remote logon request originated. Workstation name is not always available and may be left blank in some cases.

The impersonation level field indicates the extent to which a process in the logon session can impersonate.

The authentication information fields provide detailed information about this specific logon request.
	- Logon GUID is a unique identifier that can be used to correlate this event with a KDC event.
	- Transited services indicate which intermediate services have participated in this logon request.
	- Package name indicates which sub-protocol was used among the NTLM protocols.
	- Key length indicates the length of the generated session key. This will be 0 if no session key was requested."
Audit Success,9/12/2016 12:42:18 PM,Microsoft-Windows-Security-Auditing,4672,Special Logon,"Special privileges assigned to new logon.

Subject:
	Security ID:		SYSTEM
	Account Name:		SYSTEM
	Account Domain:		NT AUTHORITY
	Logon ID:		0x3E7

Privileges:		SeAssignPrimaryTokenPrivilege
			SeTcbPrivilege
			SeSecurityPrivilege
			SeTakeOwnershipPrivilege
			SeLoadDriverPrivilege
			SeBackupPrivilege
			SeRestorePrivilege
			SeDebugPrivilege
			SeAuditPrivilege
			SeSystemEnvironmentPrivilege
			SeImpersonatePrivilege
			SeDelegateSessionUserImpersonatePrivilege"
Audit Success,9/12/2016 12:42:18 PM,Microsoft-Windows-Security-Auditing,4624,Logon,"An account was successfully logged on.

Subject:
	Security ID:		SYSTEM
	Account Name:		DESKTOP-VHT19DE$
	Account Domain:		WORKGROUP
	Logon ID:		0x3E7

Logon Information:
	Logon Type:		5
	Restricted Admin Mode:	-
	Virtual Account:		No
	Elevated Token:		Yes

Impersonation Level:		Impersonation

New Logon:
	Security ID:		SYSTEM
	Account Name:		SYSTEM
	Account Domain:		NT AUTHORITY
	Logon ID:		0x3E7
	Linked Logon ID:		0x0
	Network Account Name:	-
	Network Account Domain:	-
	Logon GUID:		{00000000-0000-0000-0000-000000000000}

Process Information:
	Process ID:		0x298
	Process Name:		C:\Windows\System32\services.exe

Network Information:
	Workstation Name:	
	Source Network Address:	-
	Source Port:		-

Detailed Authentication Information:
	Logon Process:		Advapi  
	Authentication Package:	Negotiate
	Transited Services:	-
	Package Name (NTLM only):	-
	Key Length:		0

This event is generated when a logon session is created. It is generated on the computer that was accessed.

The subject fields indicate the account on the local system which requested the logon. This is most commonly a service such as the Server service, or a local process such as Winlogon.exe or Services.exe.

The logon type field indicates the kind of logon that occurred. The most common types are 2 (interactive) and 3 (network).

The New Logon fields indicate the account for whom the new logon was created, i.e. the account that was logged on.

The network fields indicate where a remote logon request originated. Workstation name is not always available and may be left blank in some cases.

The impersonation level field indicates the extent to which a process in the logon session can impersonate.

The authentication information fields provide detailed information about this specific logon request.
	- Logon GUID is a unique identifier that can be used to correlate this event with a KDC event.
	- Transited services indicate which intermediate services have participated in this logon request.
	- Package name indicates which sub-protocol was used among the NTLM protocols.
	- Key length indicates the length of the generated session key. This will be 0 if no session key was requested."
Audit Success,9/12/2016 12:42:16 PM,Microsoft-Windows-Security-Auditing,4672,Special Logon,"Special privileges assigned to new logon.

Subject:
	Security ID:		SYSTEM
	Account Name:		SYSTEM
	Account Domain:		NT AUTHORITY
	Logon ID:		0x3E7

Privileges:		SeAssignPrimaryTokenPrivilege
			SeTcbPrivilege
			SeSecurityPrivilege
			SeTakeOwnershipPrivilege
			SeLoadDriverPrivilege
			SeBackupPrivilege
			SeRestorePrivilege
			SeDebugPrivilege
			SeAuditPrivilege
			SeSystemEnvironmentPrivilege
			SeImpersonatePrivilege
			SeDelegateSessionUserImpersonatePrivilege"
Audit Success,9/12/2016 12:42:16 PM,Microsoft-Windows-Security-Auditing,4624,Logon,"An account was successfully logged on.

Subject:
	Security ID:		SYSTEM
	Account Name:		DESKTOP-VHT19DE$
	Account Domain:		WORKGROUP
	Logon ID:		0x3E7

Logon Information:
	Logon Type:		5
	Restricted Admin Mode:	-
	Virtual Account:		No
	Elevated Token:		Yes

Impersonation Level:		Impersonation

New Logon:
	Security ID:		SYSTEM
	Account Name:		SYSTEM
	Account Domain:		NT AUTHORITY
	Logon ID:		0x3E7
	Linked Logon ID:		0x0
	Network Account Name:	-
	Network Account Domain:	-
	Logon GUID:		{00000000-0000-0000-0000-000000000000}

Process Information:
	Process ID:		0x298
	Process Name:		C:\Windows\System32\services.exe

Network Information:
	Workstation Name:	
	Source Network Address:	-
	Source Port:		-

Detailed Authentication Information:
	Logon Process:		Advapi  
	Authentication Package:	Negotiate
	Transited Services:	-
	Package Name (NTLM only):	-
	Key Length:		0

This event is generated when a logon session is created. It is generated on the computer that was accessed.

The subject fields indicate the account on the local system which requested the logon. This is most commonly a service such as the Server service, or a local process such as Winlogon.exe or Services.exe.

The logon type field indicates the kind of logon that occurred. The most common types are 2 (interactive) and 3 (network).

The New Logon fields indicate the account for whom the new logon was created, i.e. the account that was logged on.

The network fields indicate where a remote logon request originated. Workstation name is not always available and may be left blank in some cases.

The impersonation level field indicates the extent to which a process in the logon session can impersonate.

The authentication information fields provide detailed information about this specific logon request.
	- Logon GUID is a unique identifier that can be used to correlate this event with a KDC event.
	- Transited services indicate which intermediate services have participated in this logon request.
	- Package name indicates which sub-protocol was used among the NTLM protocols.
	- Key length indicates the length of the generated session key. This will be 0 if no session key was requested."
Audit Success,9/12/2016 12:15:39 PM,Microsoft-Windows-Security-Auditing,4672,Special Logon,"Special privileges assigned to new logon.

Subject:
	Security ID:		SYSTEM
	Account Name:		SYSTEM
	Account Domain:		NT AUTHORITY
	Logon ID:		0x3E7

Privileges:		SeAssignPrimaryTokenPrivilege
			SeTcbPrivilege
			SeSecurityPrivilege
			SeTakeOwnershipPrivilege
			SeLoadDriverPrivilege
			SeBackupPrivilege
			SeRestorePrivilege
			SeDebugPrivilege
			SeAuditPrivilege
			SeSystemEnvironmentPrivilege
			SeImpersonatePrivilege
			SeDelegateSessionUserImpersonatePrivilege"
