Audit Success,9/12/2016 8:46:23 AM,Microsoft-Windows-Security-Auditing,4799,Security Group Management,"A security-enabled local group membership was enumerated.

Subject:
	Security ID:		SYSTEM
	Account Name:		DESKTOP-VHT19DE$
	Account Domain:		WORKGROUP
	Logon ID:		0x3E7

Group:
	Security ID:		BUILTIN\Users
	Group Name:		Users
	Group Domain:		Builtin

Process Information:
	Process ID:		0xd2c
	Process Name:		C:\$WINDOWS.~BT\Sources\mighost.exe"
Audit Success,9/12/2016 8:46:23 AM,Microsoft-Windows-Security-Auditing,4799,Security Group Management,"A security-enabled local group membership was enumerated.

Subject:
	Security ID:		SYSTEM
	Account Name:		DESKTOP-VHT19DE$
	Account Domain:		WORKGROUP
	Logon ID:		0x3E7

Group:
	Security ID:		BUILTIN\Administrators
	Group Name:		Administrators
	Group Domain:		Builtin

Process Information:
	Process ID:		0xd2c
	Process Name:		C:\$WINDOWS.~BT\Sources\mighost.exe"
Audit Success,9/12/2016 8:46:23 AM,Microsoft-Windows-Security-Auditing,4799,Security Group Management,"A security-enabled local group membership was enumerated.

Subject:
	Security ID:		SYSTEM
	Account Name:		DESKTOP-VHT19DE$
	Account Domain:		WORKGROUP
	Logon ID:		0x3E7

Group:
	Security ID:		BUILTIN\Users
	Group Name:		Users
	Group Domain:		Builtin

Process Information:
	Process ID:		0xd2c
	Process Name:		C:\$WINDOWS.~BT\Sources\mighost.exe"
Audit Success,9/12/2016 8:46:23 AM,Microsoft-Windows-Security-Auditing,4799,Security Group Management,"A security-enabled local group membership was enumerated.

Subject:
	Security ID:		SYSTEM
	Account Name:		DESKTOP-VHT19DE$
	Account Domain:		WORKGROUP
	Logon ID:		0x3E7

Group:
	Security ID:		BUILTIN\Administrators
	Group Name:		Administrators
	Group Domain:		Builtin

Process Information:
	Process ID:		0xd2c
	Process Name:		C:\$WINDOWS.~BT\Sources\mighost.exe"
Audit Success,9/12/2016 8:46:23 AM,Microsoft-Windows-Security-Auditing,4799,Security Group Management,"A security-enabled local group membership was enumerated.

Subject:
	Security ID:		SYSTEM
	Account Name:		DESKTOP-VHT19DE$
	Account Domain:		WORKGROUP
	Logon ID:		0x3E7

Group:
	Security ID:		BUILTIN\Users
	Group Name:		Users
	Group Domain:		Builtin

Process Information:
	Process ID:		0xd2c
	Process Name:		C:\$WINDOWS.~BT\Sources\mighost.exe"
Audit Success,9/12/2016 8:46:23 AM,Microsoft-Windows-Security-Auditing,4799,Security Group Management,"A security-enabled local group membership was enumerated.

Subject:
	Security ID:		SYSTEM
	Account Name:		DESKTOP-VHT19DE$
	Account Domain:		WORKGROUP
	Logon ID:		0x3E7

Group:
	Security ID:		BUILTIN\Administrators
	Group Name:		Administrators
	Group Domain:		Builtin

Process Information:
	Process ID:		0xd2c
	Process Name:		C:\$WINDOWS.~BT\Sources\mighost.exe"
Audit Success,9/12/2016 8:46:23 AM,Microsoft-Windows-Security-Auditing,4799,Security Group Management,"A security-enabled local group membership was enumerated.

Subject:
	Security ID:		SYSTEM
	Account Name:		DESKTOP-VHT19DE$
	Account Domain:		WORKGROUP
	Logon ID:		0x3E7

Group:
	Security ID:		BUILTIN\Users
	Group Name:		Users
	Group Domain:		Builtin

Process Information:
	Process ID:		0xd2c
	Process Name:		C:\$WINDOWS.~BT\Sources\mighost.exe"
Audit Success,9/12/2016 8:46:23 AM,Microsoft-Windows-Security-Auditing,4799,Security Group Management,"A security-enabled local group membership was enumerated.

Subject:
	Security ID:		SYSTEM
	Account Name:		DESKTOP-VHT19DE$
	Account Domain:		WORKGROUP
	Logon ID:		0x3E7

Group:
	Security ID:		BUILTIN\Administrators
	Group Name:		Administrators
	Group Domain:		Builtin

Process Information:
	Process ID:		0xd2c
	Process Name:		C:\$WINDOWS.~BT\Sources\mighost.exe"
Audit Success,9/12/2016 8:46:23 AM,Microsoft-Windows-Security-Auditing,4799,Security Group Management,"A security-enabled local group membership was enumerated.

Subject:
	Security ID:		SYSTEM
	Account Name:		DESKTOP-VHT19DE$
	Account Domain:		WORKGROUP
	Logon ID:		0x3E7

Group:
	Security ID:		BUILTIN\Users
	Group Name:		Users
	Group Domain:		Builtin

Process Information:
	Process ID:		0xd2c
	Process Name:		C:\$WINDOWS.~BT\Sources\mighost.exe"
Audit Success,9/12/2016 8:46:23 AM,Microsoft-Windows-Security-Auditing,4799,Security Group Management,"A security-enabled local group membership was enumerated.

Subject:
	Security ID:		SYSTEM
	Account Name:		DESKTOP-VHT19DE$
	Account Domain:		WORKGROUP
	Logon ID:		0x3E7

Group:
	Security ID:		BUILTIN\Administrators
	Group Name:		Administrators
	Group Domain:		Builtin

Process Information:
	Process ID:		0xd2c
	Process Name:		C:\$WINDOWS.~BT\Sources\mighost.exe"
Audit Success,9/12/2016 8:46:23 AM,Microsoft-Windows-Security-Auditing,4799,Security Group Management,"A security-enabled local group membership was enumerated.

Subject:
	Security ID:		SYSTEM
	Account Name:		DESKTOP-VHT19DE$
	Account Domain:		WORKGROUP
	Logon ID:		0x3E7

Group:
	Security ID:		BUILTIN\Users
	Group Name:		Users
	Group Domain:		Builtin

Process Information:
	Process ID:		0xd2c
	Process Name:		C:\$WINDOWS.~BT\Sources\mighost.exe"
Audit Success,9/12/2016 8:46:23 AM,Microsoft-Windows-Security-Auditing,4799,Security Group Management,"A security-enabled local group membership was enumerated.

Subject:
	Security ID:		SYSTEM
	Account Name:		DESKTOP-VHT19DE$
	Account Domain:		WORKGROUP
	Logon ID:		0x3E7

Group:
	Security ID:		BUILTIN\Administrators
	Group Name:		Administrators
	Group Domain:		Builtin

Process Information:
	Process ID:		0xd2c
	Process Name:		C:\$WINDOWS.~BT\Sources\mighost.exe"
Audit Success,9/12/2016 8:46:23 AM,Microsoft-Windows-Security-Auditing,4799,Security Group Management,"A security-enabled local group membership was enumerated.

Subject:
	Security ID:		SYSTEM
	Account Name:		DESKTOP-VHT19DE$
	Account Domain:		WORKGROUP
	Logon ID:		0x3E7

Group:
	Security ID:		BUILTIN\Users
	Group Name:		Users
	Group Domain:		Builtin

Process Information:
	Process ID:		0xd2c
	Process Name:		C:\$WINDOWS.~BT\Sources\mighost.exe"
Audit Success,9/12/2016 8:46:23 AM,Microsoft-Windows-Security-Auditing,4799,Security Group Management,"A security-enabled local group membership was enumerated.

Subject:
	Security ID:		SYSTEM
	Account Name:		DESKTOP-VHT19DE$
	Account Domain:		WORKGROUP
	Logon ID:		0x3E7

Group:
	Security ID:		BUILTIN\Administrators
	Group Name:		Administrators
	Group Domain:		Builtin

Process Information:
	Process ID:		0xd2c
	Process Name:		C:\$WINDOWS.~BT\Sources\mighost.exe"
Audit Success,9/12/2016 8:46:23 AM,Microsoft-Windows-Security-Auditing,4799,Security Group Management,"A security-enabled local group membership was enumerated.

Subject:
	Security ID:		SYSTEM
	Account Name:		DESKTOP-VHT19DE$
	Account Domain:		WORKGROUP
	Logon ID:		0x3E7

Group:
	Security ID:		BUILTIN\Users
	Group Name:		Users
	Group Domain:		Builtin

Process Information:
	Process ID:		0xd2c
	Process Name:		C:\$WINDOWS.~BT\Sources\mighost.exe"
Audit Success,9/12/2016 8:46:23 AM,Microsoft-Windows-Security-Auditing,4799,Security Group Management,"A security-enabled local group membership was enumerated.

Subject:
	Security ID:		SYSTEM
	Account Name:		DESKTOP-VHT19DE$
	Account Domain:		WORKGROUP
	Logon ID:		0x3E7

Group:
	Security ID:		BUILTIN\Administrators
	Group Name:		Administrators
	Group Domain:		Builtin

Process Information:
	Process ID:		0xd2c
	Process Name:		C:\$WINDOWS.~BT\Sources\mighost.exe"
Audit Success,9/12/2016 8:46:23 AM,Microsoft-Windows-Security-Auditing,4799,Security Group Management,"A security-enabled local group membership was enumerated.

Subject:
	Security ID:		SYSTEM
	Account Name:		DESKTOP-VHT19DE$
	Account Domain:		WORKGROUP
	Logon ID:		0x3E7

Group:
	Security ID:		BUILTIN\Users
	Group Name:		Users
	Group Domain:		Builtin

Process Information:
	Process ID:		0xd2c
	Process Name:		C:\$WINDOWS.~BT\Sources\mighost.exe"
Audit Success,9/12/2016 8:46:23 AM,Microsoft-Windows-Security-Auditing,4799,Security Group Management,"A security-enabled local group membership was enumerated.

Subject:
	Security ID:		SYSTEM
	Account Name:		DESKTOP-VHT19DE$
	Account Domain:		WORKGROUP
	Logon ID:		0x3E7

Group:
	Security ID:		BUILTIN\Administrators
	Group Name:		Administrators
	Group Domain:		Builtin

Process Information:
	Process ID:		0xd2c
	Process Name:		C:\$WINDOWS.~BT\Sources\mighost.exe"
Audit Success,9/12/2016 8:46:23 AM,Microsoft-Windows-Security-Auditing,4799,Security Group Management,"A security-enabled local group membership was enumerated.

Subject:
	Security ID:		SYSTEM
	Account Name:		DESKTOP-VHT19DE$
	Account Domain:		WORKGROUP
	Logon ID:		0x3E7

Group:
	Security ID:		BUILTIN\Users
	Group Name:		Users
	Group Domain:		Builtin

Process Information:
	Process ID:		0xd2c
	Process Name:		C:\$WINDOWS.~BT\Sources\mighost.exe"
Audit Success,9/12/2016 8:46:23 AM,Microsoft-Windows-Security-Auditing,4799,Security Group Management,"A security-enabled local group membership was enumerated.

Subject:
	Security ID:		SYSTEM
	Account Name:		DESKTOP-VHT19DE$
	Account Domain:		WORKGROUP
	Logon ID:		0x3E7

Group:
	Security ID:		BUILTIN\Administrators
	Group Name:		Administrators
	Group Domain:		Builtin

Process Information:
	Process ID:		0xd2c
	Process Name:		C:\$WINDOWS.~BT\Sources\mighost.exe"
Audit Success,9/12/2016 8:46:23 AM,Microsoft-Windows-Security-Auditing,4799,Security Group Management,"A security-enabled local group membership was enumerated.

Subject:
	Security ID:		SYSTEM
	Account Name:		DESKTOP-VHT19DE$
	Account Domain:		WORKGROUP
	Logon ID:		0x3E7

Group:
	Security ID:		BUILTIN\Users
	Group Name:		Users
	Group Domain:		Builtin

Process Information:
	Process ID:		0xd2c
	Process Name:		C:\$WINDOWS.~BT\Sources\mighost.exe"
Audit Success,9/12/2016 8:46:23 AM,Microsoft-Windows-Security-Auditing,4799,Security Group Management,"A security-enabled local group membership was enumerated.

Subject:
	Security ID:		SYSTEM
	Account Name:		DESKTOP-VHT19DE$
	Account Domain:		WORKGROUP
	Logon ID:		0x3E7

Group:
	Security ID:		BUILTIN\Administrators
	Group Name:		Administrators
	Group Domain:		Builtin

Process Information:
	Process ID:		0xd2c
	Process Name:		C:\$WINDOWS.~BT\Sources\mighost.exe"
Audit Success,9/12/2016 8:46:23 AM,Microsoft-Windows-Security-Auditing,4799,Security Group Management,"A security-enabled local group membership was enumerated.

Subject:
	Security ID:		SYSTEM
	Account Name:		DESKTOP-VHT19DE$
	Account Domain:		WORKGROUP
	Logon ID:		0x3E7

Group:
	Security ID:		BUILTIN\Users
	Group Name:		Users
	Group Domain:		Builtin

Process Information:
	Process ID:		0xd2c
	Process Name:		C:\$WINDOWS.~BT\Sources\mighost.exe"
Audit Success,9/12/2016 8:46:23 AM,Microsoft-Windows-Security-Auditing,4799,Security Group Management,"A security-enabled local group membership was enumerated.

Subject:
	Security ID:		SYSTEM
	Account Name:		DESKTOP-VHT19DE$
	Account Domain:		WORKGROUP
	Logon ID:		0x3E7

Group:
	Security ID:		BUILTIN\Administrators
	Group Name:		Administrators
	Group Domain:		Builtin

Process Information:
	Process ID:		0xd2c
	Process Name:		C:\$WINDOWS.~BT\Sources\mighost.exe"
Audit Success,9/12/2016 8:46:23 AM,Microsoft-Windows-Security-Auditing,4799,Security Group Management,"A security-enabled local group membership was enumerated.

Subject:
	Security ID:		SYSTEM
	Account Name:		DESKTOP-VHT19DE$
	Account Domain:		WORKGROUP
	Logon ID:		0x3E7

Group:
	Security ID:		BUILTIN\Users
	Group Name:		Users
	Group Domain:		Builtin

Process Information:
	Process ID:		0xd2c
	Process Name:		C:\$WINDOWS.~BT\Sources\mighost.exe"
Audit Success,9/12/2016 8:46:23 AM,Microsoft-Windows-Security-Auditing,4799,Security Group Management,"A security-enabled local group membership was enumerated.

Subject:
	Security ID:		SYSTEM
	Account Name:		DESKTOP-VHT19DE$
	Account Domain:		WORKGROUP
	Logon ID:		0x3E7

Group:
	Security ID:		BUILTIN\Administrators
	Group Name:		Administrators
	Group Domain:		Builtin

Process Information:
	Process ID:		0xd2c
	Process Name:		C:\$WINDOWS.~BT\Sources\mighost.exe"
Audit Success,9/12/2016 8:46:23 AM,Microsoft-Windows-Security-Auditing,4799,Security Group Management,"A security-enabled local group membership was enumerated.

Subject:
	Security ID:		SYSTEM
	Account Name:		DESKTOP-VHT19DE$
	Account Domain:		WORKGROUP
	Logon ID:		0x3E7

Group:
	Security ID:		BUILTIN\Users
	Group Name:		Users
	Group Domain:		Builtin

Process Information:
	Process ID:		0xd2c
	Process Name:		C:\$WINDOWS.~BT\Sources\mighost.exe"
Audit Success,9/12/2016 8:46:23 AM,Microsoft-Windows-Security-Auditing,4799,Security Group Management,"A security-enabled local group membership was enumerated.

Subject:
	Security ID:		SYSTEM
	Account Name:		DESKTOP-VHT19DE$
	Account Domain:		WORKGROUP
	Logon ID:		0x3E7

Group:
	Security ID:		BUILTIN\Administrators
	Group Name:		Administrators
	Group Domain:		Builtin

Process Information:
	Process ID:		0xd2c
	Process Name:		C:\$WINDOWS.~BT\Sources\mighost.exe"
Audit Success,9/12/2016 8:46:23 AM,Microsoft-Windows-Security-Auditing,4799,Security Group Management,"A security-enabled local group membership was enumerated.

Subject:
	Security ID:		SYSTEM
	Account Name:		DESKTOP-VHT19DE$
	Account Domain:		WORKGROUP
	Logon ID:		0x3E7

Group:
	Security ID:		BUILTIN\Users
	Group Name:		Users
	Group Domain:		Builtin

Process Information:
	Process ID:		0xd2c
	Process Name:		C:\$WINDOWS.~BT\Sources\mighost.exe"
Audit Success,9/12/2016 8:46:23 AM,Microsoft-Windows-Security-Auditing,4799,Security Group Management,"A security-enabled local group membership was enumerated.

Subject:
	Security ID:		SYSTEM
	Account Name:		DESKTOP-VHT19DE$
	Account Domain:		WORKGROUP
	Logon ID:		0x3E7

Group:
	Security ID:		BUILTIN\Administrators
	Group Name:		Administrators
	Group Domain:		Builtin

Process Information:
	Process ID:		0xd2c
	Process Name:		C:\$WINDOWS.~BT\Sources\mighost.exe"
Audit Success,9/12/2016 8:46:23 AM,Microsoft-Windows-Security-Auditing,4799,Security Group Management,"A security-enabled local group membership was enumerated.

Subject:
	Security ID:		SYSTEM
	Account Name:		DESKTOP-VHT19DE$
	Account Domain:		WORKGROUP
	Logon ID:		0x3E7

Group:
	Security ID:		BUILTIN\Users
	Group Name:		Users
	Group Domain:		Builtin

Process Information:
	Process ID:		0xd2c
	Process Name:		C:\$WINDOWS.~BT\Sources\mighost.exe"
Audit Success,9/12/2016 8:45:41 AM,Microsoft-Windows-Security-Auditing,4672,Special Logon,"Special privileges assigned to new logon.

Subject:
	Security ID:		SYSTEM
	Account Name:		SYSTEM
	Account Domain:		NT AUTHORITY
	Logon ID:		0x3E7

Privileges:		SeAssignPrimaryTokenPrivilege
			SeTcbPrivilege
			SeSecurityPrivilege
			SeTakeOwnershipPrivilege
			SeLoadDriverPrivilege
			SeBackupPrivilege
			SeRestorePrivilege
			SeDebugPrivilege
			SeAuditPrivilege
			SeSystemEnvironmentPrivilege
			SeImpersonatePrivilege
			SeDelegateSessionUserImpersonatePrivilege"
Audit Success,9/12/2016 8:45:41 AM,Microsoft-Windows-Security-Auditing,4624,Logon,"An account was successfully logged on.

Subject:
	Security ID:		SYSTEM
	Account Name:		DESKTOP-VHT19DE$
	Account Domain:		WORKGROUP
	Logon ID:		0x3E7

Logon Information:
	Logon Type:		5
	Restricted Admin Mode:	-
	Virtual Account:		No
	Elevated Token:		Yes

Impersonation Level:		Impersonation

New Logon:
	Security ID:		SYSTEM
	Account Name:		SYSTEM
	Account Domain:		NT AUTHORITY
	Logon ID:		0x3E7
	Linked Logon ID:		0x0
	Network Account Name:	-
	Network Account Domain:	-
	Logon GUID:		{00000000-0000-0000-0000-000000000000}

Process Information:
	Process ID:		0x298
	Process Name:		C:\Windows\System32\services.exe

Network Information:
	Workstation Name:	
	Source Network Address:	-
	Source Port:		-

Detailed Authentication Information:
	Logon Process:		Advapi  
	Authentication Package:	Negotiate
	Transited Services:	-
	Package Name (NTLM only):	-
	Key Length:		0

This event is generated when a logon session is created. It is generated on the computer that was accessed.

The subject fields indicate the account on the local system which requested the logon. This is most commonly a service such as the Server service, or a local process such as Winlogon.exe or Services.exe.

The logon type field indicates the kind of logon that occurred. The most common types are 2 (interactive) and 3 (network).

The New Logon fields indicate the account for whom the new logon was created, i.e. the account that was logged on.

The network fields indicate where a remote logon request originated. Workstation name is not always available and may be left blank in some cases.

The impersonation level field indicates the extent to which a process in the logon session can impersonate.

The authentication information fields provide detailed information about this specific logon request.
	- Logon GUID is a unique identifier that can be used to correlate this event with a KDC event.
	- Transited services indicate which intermediate services have participated in this logon request.
	- Package name indicates which sub-protocol was used among the NTLM protocols.
	- Key length indicates the length of the generated session key. This will be 0 if no session key was requested."
Audit Success,9/12/2016 8:45:37 AM,Microsoft-Windows-Security-Auditing,4799,Security Group Management,"A security-enabled local group membership was enumerated.

Subject:
	Security ID:		NETWORK SERVICE
	Account Name:		DESKTOP-VHT19DE$
	Account Domain:		WORKGROUP
	Logon ID:		0x3E4

Group:
	Security ID:		BUILTIN\Administrators
	Group Name:		Administrators
	Group Domain:		Builtin

Process Information:
	Process ID:		0xeb4
	Process Name:		C:\Windows\System32\dllhost.exe"
Audit Success,9/12/2016 8:45:33 AM,Microsoft-Windows-Security-Auditing,4907,Audit Policy Change,"Auditing settings on object were changed.

Subject:
	Security ID:		SYSTEM
	Account Name:		DESKTOP-VHT19DE$
	Account Domain:		WORKGROUP
	Logon ID:		0x3E7

Object:
	Object Server:	Security
	Object Type:	Key
	Object Name:	\REGISTRY\MACHINE\SOFTWARE\Microsoft\Windows\CurrentVersion\WSMAN\Migration\Service
	Handle ID:	0x11f0

Process Information:
	Process ID:	0x390
	Process Name:	C:\$WINDOWS.~BT\Sources\setupplatform.exe

Auditing Settings:
	Original Security Descriptor:	S:AI(AU;IDSAFA;KW;;;WD)(AU;CIIOIDSAFA;GW;;;WD)
	New Security Descriptor:		S:PARAI(AU;SAFA;KW;;;WD)(AU;CIIOSAFA;GW;;;WD)"
Audit Success,9/12/2016 8:45:33 AM,Microsoft-Windows-Security-Auditing,4907,Audit Policy Change,"Auditing settings on object were changed.

Subject:
	Security ID:		SYSTEM
	Account Name:		DESKTOP-VHT19DE$
	Account Domain:		WORKGROUP
	Logon ID:		0x3E7

Object:
	Object Server:	Security
	Object Type:	Key
	Object Name:	\REGISTRY\MACHINE\SOFTWARE\Microsoft\Windows\CurrentVersion\WSMAN\Migration\Listener
	Handle ID:	0x1174

Process Information:
	Process ID:	0x390
	Process Name:	C:\$WINDOWS.~BT\Sources\setupplatform.exe

Auditing Settings:
	Original Security Descriptor:	S:AI(AU;IDSAFA;KW;;;WD)(AU;CIIOIDSAFA;GW;;;WD)
	New Security Descriptor:		S:PARAI(AU;SAFA;KW;;;WD)(AU;CIIOSAFA;GW;;;WD)"
Audit Success,9/12/2016 8:45:33 AM,Microsoft-Windows-Security-Auditing,4907,Audit Policy Change,"Auditing settings on object were changed.

Subject:
	Security ID:		SYSTEM
	Account Name:		DESKTOP-VHT19DE$
	Account Domain:		WORKGROUP
	Logon ID:		0x3E7

Object:
	Object Server:	Security
	Object Type:	Key
	Object Name:	\REGISTRY\MACHINE\SOFTWARE\Microsoft\Windows\CurrentVersion\WSMAN\Migration\Client
	Handle ID:	0x13d8

Process Information:
	Process ID:	0x390
	Process Name:	C:\$WINDOWS.~BT\Sources\setupplatform.exe

Auditing Settings:
	Original Security Descriptor:	S:AI(AU;IDSAFA;KW;;;WD)(AU;CIIOIDSAFA;GW;;;WD)
	New Security Descriptor:		S:PARAI(AU;SAFA;KW;;;WD)(AU;CIIOSAFA;GW;;;WD)"
Audit Success,9/12/2016 8:45:33 AM,Microsoft-Windows-Security-Auditing,4907,Audit Policy Change,"Auditing settings on object were changed.

Subject:
	Security ID:		SYSTEM
	Account Name:		DESKTOP-VHT19DE$
	Account Domain:		WORKGROUP
	Logon ID:		0x3E7

Object:
	Object Server:	Security
	Object Type:	Key
	Object Name:	\REGISTRY\MACHINE\SOFTWARE\Microsoft\Windows\CurrentVersion\WSMAN\Migration\CertMapping
	Handle ID:	0x1174

Process Information:
	Process ID:	0x390
	Process Name:	C:\$WINDOWS.~BT\Sources\setupplatform.exe

Auditing Settings:
	Original Security Descriptor:	S:AI(AU;IDSAFA;KW;;;WD)(AU;CIIOIDSAFA;GW;;;WD)
	New Security Descriptor:		S:PARAI(AU;SAFA;KW;;;WD)(AU;CIIOSAFA;GW;;;WD)"
Audit Success,9/12/2016 8:45:33 AM,Microsoft-Windows-Security-Auditing,4907,Audit Policy Change,"Auditing settings on object were changed.

Subject:
	Security ID:		SYSTEM
	Account Name:		DESKTOP-VHT19DE$
	Account Domain:		WORKGROUP
	Logon ID:		0x3E7

Object:
	Object Server:	Security
	Object Type:	Key
	Object Name:	\REGISTRY\MACHINE\SOFTWARE\Microsoft\Windows\CurrentVersion\WSMAN\Migration
	Handle ID:	0x114c

Process Information:
	Process ID:	0x390
	Process Name:	C:\$WINDOWS.~BT\Sources\setupplatform.exe

Auditing Settings:
	Original Security Descriptor:	S:AI(AU;IDSAFA;KW;;;WD)(AU;CIIOIDSAFA;GW;;;WD)
	New Security Descriptor:		S:PARAI(AU;SAFA;KW;;;WD)(AU;CIIOSAFA;GW;;;WD)"
Audit Success,9/12/2016 8:45:26 AM,Microsoft-Windows-Security-Auditing,4799,Security Group Management,"A security-enabled local group membership was enumerated.

Subject:
	Security ID:		SYSTEM
	Account Name:		DESKTOP-VHT19DE$
	Account Domain:		WORKGROUP
	Logon ID:		0x3E7

Group:
	Security ID:		BUILTIN\Administrators
	Group Name:		Administrators
	Group Domain:		Builtin

Process Information:
	Process ID:		0x6cc
	Process Name:		C:\$WINDOWS.~BT\Sources\mighost.exe"
Audit Success,9/12/2016 8:45:18 AM,Microsoft-Windows-Security-Auditing,4672,Special Logon,"Special privileges assigned to new logon.

Subject:
	Security ID:		SYSTEM
	Account Name:		SYSTEM
	Account Domain:		NT AUTHORITY
	Logon ID:		0x3E7

Privileges:		SeAssignPrimaryTokenPrivilege
			SeTcbPrivilege
			SeSecurityPrivilege
			SeTakeOwnershipPrivilege
			SeLoadDriverPrivilege
			SeBackupPrivilege
			SeRestorePrivilege
			SeDebugPrivilege
			SeAuditPrivilege
			SeSystemEnvironmentPrivilege
			SeImpersonatePrivilege
			SeDelegateSessionUserImpersonatePrivilege"
Audit Success,9/12/2016 8:45:18 AM,Microsoft-Windows-Security-Auditing,4624,Logon,"An account was successfully logged on.

Subject:
	Security ID:		SYSTEM
	Account Name:		DESKTOP-VHT19DE$
	Account Domain:		WORKGROUP
	Logon ID:		0x3E7

Logon Information:
	Logon Type:		5
	Restricted Admin Mode:	-
	Virtual Account:		No
	Elevated Token:		Yes

Impersonation Level:		Impersonation

New Logon:
	Security ID:		SYSTEM
	Account Name:		SYSTEM
	Account Domain:		NT AUTHORITY
	Logon ID:		0x3E7
	Linked Logon ID:		0x0
	Network Account Name:	-
	Network Account Domain:	-
	Logon GUID:		{00000000-0000-0000-0000-000000000000}

Process Information:
	Process ID:		0x298
	Process Name:		C:\Windows\System32\services.exe

Network Information:
	Workstation Name:	
	Source Network Address:	-
	Source Port:		-

Detailed Authentication Information:
	Logon Process:		Advapi  
	Authentication Package:	Negotiate
	Transited Services:	-
	Package Name (NTLM only):	-
	Key Length:		0

This event is generated when a logon session is created. It is generated on the computer that was accessed.

The subject fields indicate the account on the local system which requested the logon. This is most commonly a service such as the Server service, or a local process such as Winlogon.exe or Services.exe.

The logon type field indicates the kind of logon that occurred. The most common types are 2 (interactive) and 3 (network).

The New Logon fields indicate the account for whom the new logon was created, i.e. the account that was logged on.

The network fields indicate where a remote logon request originated. Workstation name is not always available and may be left blank in some cases.

The impersonation level field indicates the extent to which a process in the logon session can impersonate.

The authentication information fields provide detailed information about this specific logon request.
	- Logon GUID is a unique identifier that can be used to correlate this event with a KDC event.
	- Transited services indicate which intermediate services have participated in this logon request.
	- Package name indicates which sub-protocol was used among the NTLM protocols.
	- Key length indicates the length of the generated session key. This will be 0 if no session key was requested."
Audit Success,9/12/2016 8:45:10 AM,Microsoft-Windows-Security-Auditing,4672,Special Logon,"Special privileges assigned to new logon.

Subject:
	Security ID:		SYSTEM
	Account Name:		SYSTEM
	Account Domain:		NT AUTHORITY
	Logon ID:		0x3E7

Privileges:		SeAssignPrimaryTokenPrivilege
			SeTcbPrivilege
			SeSecurityPrivilege
			SeTakeOwnershipPrivilege
			SeLoadDriverPrivilege
			SeBackupPrivilege
			SeRestorePrivilege
			SeDebugPrivilege
			SeAuditPrivilege
			SeSystemEnvironmentPrivilege
			SeImpersonatePrivilege
			SeDelegateSessionUserImpersonatePrivilege"
Audit Success,9/12/2016 8:45:10 AM,Microsoft-Windows-Security-Auditing,4624,Logon,"An account was successfully logged on.

Subject:
	Security ID:		SYSTEM
	Account Name:		DESKTOP-VHT19DE$
	Account Domain:		WORKGROUP
	Logon ID:		0x3E7

Logon Information:
	Logon Type:		5
	Restricted Admin Mode:	-
	Virtual Account:		No
	Elevated Token:		Yes

Impersonation Level:		Impersonation

New Logon:
	Security ID:		SYSTEM
	Account Name:		SYSTEM
	Account Domain:		NT AUTHORITY
	Logon ID:		0x3E7
	Linked Logon ID:		0x0
	Network Account Name:	-
	Network Account Domain:	-
	Logon GUID:		{00000000-0000-0000-0000-000000000000}

Process Information:
	Process ID:		0x298
	Process Name:		C:\Windows\System32\services.exe

Network Information:
	Workstation Name:	
	Source Network Address:	-
	Source Port:		-

Detailed Authentication Information:
	Logon Process:		Advapi  
	Authentication Package:	Negotiate
	Transited Services:	-
	Package Name (NTLM only):	-
	Key Length:		0

This event is generated when a logon session is created. It is generated on the computer that was accessed.

The subject fields indicate the account on the local system which requested the logon. This is most commonly a service such as the Server service, or a local process such as Winlogon.exe or Services.exe.

The logon type field indicates the kind of logon that occurred. The most common types are 2 (interactive) and 3 (network).

The New Logon fields indicate the account for whom the new logon was created, i.e. the account that was logged on.

The network fields indicate where a remote logon request originated. Workstation name is not always available and may be left blank in some cases.

The impersonation level field indicates the extent to which a process in the logon session can impersonate.

The authentication information fields provide detailed information about this specific logon request.
	- Logon GUID is a unique identifier that can be used to correlate this event with a KDC event.
	- Transited services indicate which intermediate services have participated in this logon request.
	- Package name indicates which sub-protocol was used among the NTLM protocols.
	- Key length indicates the length of the generated session key. This will be 0 if no session key was requested."
Audit Success,9/12/2016 8:44:57 AM,Microsoft-Windows-Security-Auditing,5024,Other System Events,The Windows Firewall service started successfully.
Audit Success,9/12/2016 8:44:57 AM,Microsoft-Windows-Security-Auditing,4624,Logon,"An account was successfully logged on.

Subject:
	Security ID:		NULL SID
	Account Name:		-
	Account Domain:		-
	Logon ID:		0x0

Logon Information:
	Logon Type:		3
	Restricted Admin Mode:	-
	Virtual Account:		No
	Elevated Token:		No

Impersonation Level:		Impersonation

New Logon:
	Security ID:		ANONYMOUS LOGON
	Account Name:		ANONYMOUS LOGON
	Account Domain:		NT AUTHORITY
	Logon ID:		0x2540F
	Linked Logon ID:		0x0
	Network Account Name:	-
	Network Account Domain:	-
	Logon GUID:		{00000000-0000-0000-0000-000000000000}

Process Information:
	Process ID:		0x0
	Process Name:		-

Network Information:
	Workstation Name:	
	Source Network Address:	-
	Source Port:		-

Detailed Authentication Information:
	Logon Process:		NtLmSsp 
	Authentication Package:	NTLM
	Transited Services:	-
	Package Name (NTLM only):	NTLM V1
	Key Length:		0

This event is generated when a logon session is created. It is generated on the computer that was accessed.

The subject fields indicate the account on the local system which requested the logon. This is most commonly a service such as the Server service, or a local process such as Winlogon.exe or Services.exe.

The logon type field indicates the kind of logon that occurred. The most common types are 2 (interactive) and 3 (network).

The New Logon fields indicate the account for whom the new logon was created, i.e. the account that was logged on.

The network fields indicate where a remote logon request originated. Workstation name is not always available and may be left blank in some cases.

The impersonation level field indicates the extent to which a process in the logon session can impersonate.

The authentication information fields provide detailed information about this specific logon request.
	- Logon GUID is a unique identifier that can be used to correlate this event with a KDC event.
	- Transited services indicate which intermediate services have participated in this logon request.
	- Package name indicates which sub-protocol was used among the NTLM protocols.
	- Key length indicates the length of the generated session key. This will be 0 if no session key was requested."
Audit Success,9/12/2016 8:44:56 AM,Microsoft-Windows-Security-Auditing,4799,Security Group Management,"A security-enabled local group membership was enumerated.

Subject:
	Security ID:		SYSTEM
	Account Name:		DESKTOP-VHT19DE$
	Account Domain:		WORKGROUP
	Logon ID:		0x3E7

Group:
	Security ID:		BUILTIN\Administrators
	Group Name:		Administrators
	Group Domain:		Builtin

Process Information:
	Process ID:		0x3d0
	Process Name:		C:\Windows\System32\svchost.exe"
Audit Success,9/12/2016 8:44:56 AM,Microsoft-Windows-Security-Auditing,4799,Security Group Management,"A security-enabled local group membership was enumerated.

Subject:
	Security ID:		NETWORK SERVICE
	Account Name:		DESKTOP-VHT19DE$
	Account Domain:		WORKGROUP
	Logon ID:		0x3E4

Group:
	Security ID:		BUILTIN\Administrators
	Group Name:		Administrators
	Group Domain:		Builtin

Process Information:
	Process ID:		0x564
	Process Name:		C:\Windows\System32\svchost.exe"
Audit Success,9/12/2016 8:44:56 AM,Microsoft-Windows-Security-Auditing,4672,Special Logon,"Special privileges assigned to new logon.

Subject:
	Security ID:		SYSTEM
	Account Name:		SYSTEM
	Account Domain:		NT AUTHORITY
	Logon ID:		0x3E7

Privileges:		SeAssignPrimaryTokenPrivilege
			SeTcbPrivilege
			SeSecurityPrivilege
			SeTakeOwnershipPrivilege
			SeLoadDriverPrivilege
			SeBackupPrivilege
			SeRestorePrivilege
			SeDebugPrivilege
			SeAuditPrivilege
			SeSystemEnvironmentPrivilege
			SeImpersonatePrivilege
			SeDelegateSessionUserImpersonatePrivilege"
Audit Success,9/12/2016 8:44:56 AM,Microsoft-Windows-Security-Auditing,4624,Logon,"An account was successfully logged on.

Subject:
	Security ID:		SYSTEM
	Account Name:		DESKTOP-VHT19DE$
	Account Domain:		WORKGROUP
	Logon ID:		0x3E7

Logon Information:
	Logon Type:		5
	Restricted Admin Mode:	-
	Virtual Account:		No
	Elevated Token:		Yes

Impersonation Level:		Impersonation

New Logon:
	Security ID:		SYSTEM
	Account Name:		SYSTEM
	Account Domain:		NT AUTHORITY
	Logon ID:		0x3E7
	Linked Logon ID:		0x0
	Network Account Name:	-
	Network Account Domain:	-
	Logon GUID:		{00000000-0000-0000-0000-000000000000}

Process Information:
	Process ID:		0x298
	Process Name:		C:\Windows\System32\services.exe

Network Information:
	Workstation Name:	
	Source Network Address:	-
	Source Port:		-

Detailed Authentication Information:
	Logon Process:		Advapi  
	Authentication Package:	Negotiate
	Transited Services:	-
	Package Name (NTLM only):	-
	Key Length:		0

This event is generated when a logon session is created. It is generated on the computer that was accessed.

The subject fields indicate the account on the local system which requested the logon. This is most commonly a service such as the Server service, or a local process such as Winlogon.exe or Services.exe.

The logon type field indicates the kind of logon that occurred. The most common types are 2 (interactive) and 3 (network).

The New Logon fields indicate the account for whom the new logon was created, i.e. the account that was logged on.

The network fields indicate where a remote logon request originated. Workstation name is not always available and may be left blank in some cases.

The impersonation level field indicates the extent to which a process in the logon session can impersonate.

The authentication information fields provide detailed information about this specific logon request.
	- Logon GUID is a unique identifier that can be used to correlate this event with a KDC event.
	- Transited services indicate which intermediate services have participated in this logon request.
	- Package name indicates which sub-protocol was used among the NTLM protocols.
	- Key length indicates the length of the generated session key. This will be 0 if no session key was requested."
Audit Success,9/12/2016 8:44:56 AM,Microsoft-Windows-Security-Auditing,5033,Other System Events,The Windows Firewall Driver started successfully.
Audit Success,9/12/2016 8:44:56 AM,Microsoft-Windows-Security-Auditing,4672,Special Logon,"Special privileges assigned to new logon.

Subject:
	Security ID:		SYSTEM
	Account Name:		SYSTEM
	Account Domain:		NT AUTHORITY
	Logon ID:		0x3E7

Privileges:		SeAssignPrimaryTokenPrivilege
			SeTcbPrivilege
			SeSecurityPrivilege
			SeTakeOwnershipPrivilege
			SeLoadDriverPrivilege
			SeBackupPrivilege
			SeRestorePrivilege
			SeDebugPrivilege
			SeAuditPrivilege
			SeSystemEnvironmentPrivilege
			SeImpersonatePrivilege
			SeDelegateSessionUserImpersonatePrivilege"
Audit Success,9/12/2016 8:44:56 AM,Microsoft-Windows-Security-Auditing,4624,Logon,"An account was successfully logged on.

Subject:
	Security ID:		SYSTEM
	Account Name:		DESKTOP-VHT19DE$
	Account Domain:		WORKGROUP
	Logon ID:		0x3E7

Logon Information:
	Logon Type:		5
	Restricted Admin Mode:	-
	Virtual Account:		No
	Elevated Token:		Yes

Impersonation Level:		Impersonation

New Logon:
	Security ID:		SYSTEM
	Account Name:		SYSTEM
	Account Domain:		NT AUTHORITY
	Logon ID:		0x3E7
	Linked Logon ID:		0x0
	Network Account Name:	-
	Network Account Domain:	-
	Logon GUID:		{00000000-0000-0000-0000-000000000000}

Process Information:
	Process ID:		0x298
	Process Name:		C:\Windows\System32\services.exe

Network Information:
	Workstation Name:	
	Source Network Address:	-
	Source Port:		-

Detailed Authentication Information:
	Logon Process:		Advapi  
	Authentication Package:	Negotiate
	Transited Services:	-
	Package Name (NTLM only):	-
	Key Length:		0

This event is generated when a logon session is created. It is generated on the computer that was accessed.

The subject fields indicate the account on the local system which requested the logon. This is most commonly a service such as the Server service, or a local process such as Winlogon.exe or Services.exe.

The logon type field indicates the kind of logon that occurred. The most common types are 2 (interactive) and 3 (network).

The New Logon fields indicate the account for whom the new logon was created, i.e. the account that was logged on.

The network fields indicate where a remote logon request originated. Workstation name is not always available and may be left blank in some cases.

The impersonation level field indicates the extent to which a process in the logon session can impersonate.

The authentication information fields provide detailed information about this specific logon request.
	- Logon GUID is a unique identifier that can be used to correlate this event with a KDC event.
	- Transited services indicate which intermediate services have participated in this logon request.
	- Package name indicates which sub-protocol was used among the NTLM protocols.
	- Key length indicates the length of the generated session key. This will be 0 if no session key was requested."
Audit Success,9/12/2016 8:44:56 AM,Microsoft-Windows-Security-Auditing,4672,Special Logon,"Special privileges assigned to new logon.

Subject:
	Security ID:		SYSTEM
	Account Name:		SYSTEM
	Account Domain:		NT AUTHORITY
	Logon ID:		0x3E7

Privileges:		SeAssignPrimaryTokenPrivilege
			SeTcbPrivilege
			SeSecurityPrivilege
			SeTakeOwnershipPrivilege
			SeLoadDriverPrivilege
			SeBackupPrivilege
			SeRestorePrivilege
			SeDebugPrivilege
			SeAuditPrivilege
			SeSystemEnvironmentPrivilege
			SeImpersonatePrivilege
			SeDelegateSessionUserImpersonatePrivilege"
Audit Success,9/12/2016 8:44:56 AM,Microsoft-Windows-Security-Auditing,4624,Logon,"An account was successfully logged on.

Subject:
	Security ID:		SYSTEM
	Account Name:		DESKTOP-VHT19DE$
	Account Domain:		WORKGROUP
	Logon ID:		0x3E7

Logon Information:
	Logon Type:		5
	Restricted Admin Mode:	-
	Virtual Account:		No
	Elevated Token:		Yes

Impersonation Level:		Impersonation

New Logon:
	Security ID:		SYSTEM
	Account Name:		SYSTEM
	Account Domain:		NT AUTHORITY
	Logon ID:		0x3E7
	Linked Logon ID:		0x0
	Network Account Name:	-
	Network Account Domain:	-
	Logon GUID:		{00000000-0000-0000-0000-000000000000}

Process Information:
	Process ID:		0x298
	Process Name:		C:\Windows\System32\services.exe

Network Information:
	Workstation Name:	
	Source Network Address:	-
	Source Port:		-

Detailed Authentication Information:
	Logon Process:		Advapi  
	Authentication Package:	Negotiate
	Transited Services:	-
	Package Name (NTLM only):	-
	Key Length:		0

This event is generated when a logon session is created. It is generated on the computer that was accessed.

The subject fields indicate the account on the local system which requested the logon. This is most commonly a service such as the Server service, or a local process such as Winlogon.exe or Services.exe.

The logon type field indicates the kind of logon that occurred. The most common types are 2 (interactive) and 3 (network).

The New Logon fields indicate the account for whom the new logon was created, i.e. the account that was logged on.

The network fields indicate where a remote logon request originated. Workstation name is not always available and may be left blank in some cases.

The impersonation level field indicates the extent to which a process in the logon session can impersonate.

The authentication information fields provide detailed information about this specific logon request.
	- Logon GUID is a unique identifier that can be used to correlate this event with a KDC event.
	- Transited services indicate which intermediate services have participated in this logon request.
	- Package name indicates which sub-protocol was used among the NTLM protocols.
	- Key length indicates the length of the generated session key. This will be 0 if no session key was requested."
Audit Success,9/12/2016 8:44:55 AM,Microsoft-Windows-Security-Auditing,4798,User Account Management,"A user's local group membership was enumerated.

Subject:
	Security ID:		SYSTEM
	Account Name:		DESKTOP-VHT19DE$
	Account Domain:		WORKGROUP
	Logon ID:		0x3E7

User:
	Security ID:		DESKTOP-VHT19DE\tyler
	Account Name:		tyler
	Account Domain:		DESKTOP-VHT19DE

Process Information:
	Process ID:		0x390
	Process Name:		C:\$WINDOWS.~BT\Sources\setupplatform.exe"
Audit Success,9/12/2016 8:44:55 AM,Microsoft-Windows-Security-Auditing,4798,User Account Management,"A user's local group membership was enumerated.

Subject:
	Security ID:		SYSTEM
	Account Name:		DESKTOP-VHT19DE$
	Account Domain:		WORKGROUP
	Logon ID:		0x3E7

User:
	Security ID:		DESKTOP-VHT19DE\tyler
	Account Name:		tyler
	Account Domain:		DESKTOP-VHT19DE

Process Information:
	Process ID:		0x390
	Process Name:		C:\$WINDOWS.~BT\Sources\setupplatform.exe"
Audit Success,9/12/2016 8:44:55 AM,Microsoft-Windows-Security-Auditing,4798,User Account Management,"A user's local group membership was enumerated.

Subject:
	Security ID:		SYSTEM
	Account Name:		DESKTOP-VHT19DE$
	Account Domain:		WORKGROUP
	Logon ID:		0x3E7

User:
	Security ID:		DESKTOP-VHT19DE\Guest
	Account Name:		Guest
	Account Domain:		DESKTOP-VHT19DE

Process Information:
	Process ID:		0x390
	Process Name:		C:\$WINDOWS.~BT\Sources\setupplatform.exe"
Audit Success,9/12/2016 8:44:55 AM,Microsoft-Windows-Security-Auditing,4798,User Account Management,"A user's local group membership was enumerated.

Subject:
	Security ID:		SYSTEM
	Account Name:		DESKTOP-VHT19DE$
	Account Domain:		WORKGROUP
	Logon ID:		0x3E7

User:
	Security ID:		DESKTOP-VHT19DE\DefaultAccount
	Account Name:		DefaultAccount
	Account Domain:		DESKTOP-VHT19DE

Process Information:
	Process ID:		0x390
	Process Name:		C:\$WINDOWS.~BT\Sources\setupplatform.exe"
Audit Success,9/12/2016 8:44:55 AM,Microsoft-Windows-Security-Auditing,4798,User Account Management,"A user's local group membership was enumerated.

Subject:
	Security ID:		SYSTEM
	Account Name:		DESKTOP-VHT19DE$
	Account Domain:		WORKGROUP
	Logon ID:		0x3E7

User:
	Security ID:		DESKTOP-VHT19DE\Administrator
	Account Name:		Administrator
	Account Domain:		DESKTOP-VHT19DE

Process Information:
	Process ID:		0x390
	Process Name:		C:\$WINDOWS.~BT\Sources\setupplatform.exe"
Audit Success,9/12/2016 8:44:55 AM,Microsoft-Windows-Security-Auditing,4799,Security Group Management,"A security-enabled local group membership was enumerated.

Subject:
	Security ID:		SYSTEM
	Account Name:		DESKTOP-VHT19DE$
	Account Domain:		WORKGROUP
	Logon ID:		0x3E7

Group:
	Security ID:		BUILTIN\Users
	Group Name:		Users
	Group Domain:		Builtin

Process Information:
	Process ID:		0x390
	Process Name:		C:\$WINDOWS.~BT\Sources\setupplatform.exe"
Audit Success,9/12/2016 8:44:55 AM,Microsoft-Windows-Security-Auditing,4799,Security Group Management,"A security-enabled local group membership was enumerated.

Subject:
	Security ID:		SYSTEM
	Account Name:		DESKTOP-VHT19DE$
	Account Domain:		WORKGROUP
	Logon ID:		0x3E7

Group:
	Security ID:		BUILTIN\System Managed Group
	Group Name:		System Managed Accounts Group
	Group Domain:		Builtin

Process Information:
	Process ID:		0x390
	Process Name:		C:\$WINDOWS.~BT\Sources\setupplatform.exe"
Audit Success,9/12/2016 8:44:55 AM,Microsoft-Windows-Security-Auditing,4799,Security Group Management,"A security-enabled local group membership was enumerated.

Subject:
	Security ID:		SYSTEM
	Account Name:		DESKTOP-VHT19DE$
	Account Domain:		WORKGROUP
	Logon ID:		0x3E7

Group:
	Security ID:		BUILTIN\Remote Management Users
	Group Name:		Remote Management Users
	Group Domain:		Builtin

Process Information:
	Process ID:		0x390
	Process Name:		C:\$WINDOWS.~BT\Sources\setupplatform.exe"
Audit Success,9/12/2016 8:44:55 AM,Microsoft-Windows-Security-Auditing,4799,Security Group Management,"A security-enabled local group membership was enumerated.

Subject:
	Security ID:		SYSTEM
	Account Name:		DESKTOP-VHT19DE$
	Account Domain:		WORKGROUP
	Logon ID:		0x3E7

Group:
	Security ID:		BUILTIN\Performance Monitor Users
	Group Name:		Performance Monitor Users
	Group Domain:		Builtin

Process Information:
	Process ID:		0x390
	Process Name:		C:\$WINDOWS.~BT\Sources\setupplatform.exe"
Audit Success,9/12/2016 8:44:55 AM,Microsoft-Windows-Security-Auditing,4799,Security Group Management,"A security-enabled local group membership was enumerated.

Subject:
	Security ID:		SYSTEM
	Account Name:		DESKTOP-VHT19DE$
	Account Domain:		WORKGROUP
	Logon ID:		0x3E7

Group:
	Security ID:		BUILTIN\Performance Log Users
	Group Name:		Performance Log Users
	Group Domain:		Builtin

Process Information:
	Process ID:		0x390
	Process Name:		C:\$WINDOWS.~BT\Sources\setupplatform.exe"
Audit Success,9/12/2016 8:44:55 AM,Microsoft-Windows-Security-Auditing,4799,Security Group Management,"A security-enabled local group membership was enumerated.

Subject:
	Security ID:		SYSTEM
	Account Name:		DESKTOP-VHT19DE$
	Account Domain:		WORKGROUP
	Logon ID:		0x3E7

Group:
	Security ID:		BUILTIN\IIS_IUSRS
	Group Name:		IIS_IUSRS
	Group Domain:		Builtin

Process Information:
	Process ID:		0x390
	Process Name:		C:\$WINDOWS.~BT\Sources\setupplatform.exe"
Audit Success,9/12/2016 8:44:55 AM,Microsoft-Windows-Security-Auditing,4799,Security Group Management,"A security-enabled local group membership was enumerated.

Subject:
	Security ID:		SYSTEM
	Account Name:		DESKTOP-VHT19DE$
	Account Domain:		WORKGROUP
	Logon ID:		0x3E7

Group:
	Security ID:		BUILTIN\Guests
	Group Name:		Guests
	Group Domain:		Builtin

Process Information:
	Process ID:		0x390
	Process Name:		C:\$WINDOWS.~BT\Sources\setupplatform.exe"
Audit Success,9/12/2016 8:44:55 AM,Microsoft-Windows-Security-Auditing,4799,Security Group Management,"A security-enabled local group membership was enumerated.

Subject:
	Security ID:		SYSTEM
	Account Name:		DESKTOP-VHT19DE$
	Account Domain:		WORKGROUP
	Logon ID:		0x3E7

Group:
	Security ID:		BUILTIN\Event Log Readers
	Group Name:		Event Log Readers
	Group Domain:		Builtin

Process Information:
	Process ID:		0x390
	Process Name:		C:\$WINDOWS.~BT\Sources\setupplatform.exe"
Audit Success,9/12/2016 8:44:55 AM,Microsoft-Windows-Security-Auditing,4799,Security Group Management,"A security-enabled local group membership was enumerated.

Subject:
	Security ID:		SYSTEM
	Account Name:		DESKTOP-VHT19DE$
	Account Domain:		WORKGROUP
	Logon ID:		0x3E7

Group:
	Security ID:		BUILTIN\Distributed COM Users
	Group Name:		Distributed COM Users
	Group Domain:		Builtin

Process Information:
	Process ID:		0x390
	Process Name:		C:\$WINDOWS.~BT\Sources\setupplatform.exe"
Audit Success,9/12/2016 8:44:55 AM,Microsoft-Windows-Security-Auditing,4799,Security Group Management,"A security-enabled local group membership was enumerated.

Subject:
	Security ID:		SYSTEM
	Account Name:		DESKTOP-VHT19DE$
	Account Domain:		WORKGROUP
	Logon ID:		0x3E7

Group:
	Security ID:		BUILTIN\Administrators
	Group Name:		Administrators
	Group Domain:		Builtin

Process Information:
	Process ID:		0x390
	Process Name:		C:\$WINDOWS.~BT\Sources\setupplatform.exe"
Audit Success,9/12/2016 8:44:55 AM,Microsoft-Windows-Security-Auditing,4672,Special Logon,"Special privileges assigned to new logon.

Subject:
	Security ID:		SYSTEM
	Account Name:		SYSTEM
	Account Domain:		NT AUTHORITY
	Logon ID:		0x3E7

Privileges:		SeAssignPrimaryTokenPrivilege
			SeTcbPrivilege
			SeSecurityPrivilege
			SeTakeOwnershipPrivilege
			SeLoadDriverPrivilege
			SeBackupPrivilege
			SeRestorePrivilege
			SeDebugPrivilege
			SeAuditPrivilege
			SeSystemEnvironmentPrivilege
			SeImpersonatePrivilege
			SeDelegateSessionUserImpersonatePrivilege"
